


 $$$$$   $$$   $      $$$  $$$$    $$$   $$$$$     $    $$$    $$$ 
 $      $   $  $       $   $   $  $   $  $        $$   $   $  $   $
 $      $      $       $   $   $  $      $         $   $   $  $   $
 $$$$   $      $       $   $$$$    $$$   $$$$      $   $   $  $   $
 $      $      $       $   $          $  $         $   $   $  $   $
 $      $   $  $       $   $      $   $  $         $   $   $  $   $
 $$$$$   $$$   $$$$$  $$$  $       $$$   $$$$$    $$$   $$$    $$$ 



                       $$$$$   $$$   $      $$$  $$$$    $$$   $$$$$     $    $$$    $$$ 
                       $      $   $  $       $   $   $  $   $  $        $$   $   $  $   $
                       $      $      $       $   $   $  $      $         $   $   $  $   $
                       $$$$   $      $       $   $$$$    $$$   $$$$      $   $   $  $   $
                       $      $      $       $   $          $  $         $   $   $  $   $
                       $      $   $  $       $   $      $   $  $         $   $   $  $   $
                       $$$$$   $$$   $$$$$  $$$  $       $$$   $$$$$    $$$   $$$    $$$ 



                                             $$$$$   $$$   $      $$$  $$$$    $$$   $$$$$     $    $$$    $$$ 
                                             $      $   $  $       $   $   $  $   $  $        $$   $   $  $   $
                                             $      $      $       $   $   $  $      $         $   $   $  $   $
                                             $$$$   $      $       $   $$$$    $$$   $$$$      $   $   $  $   $
                                             $      $      $       $   $          $  $         $   $   $  $   $
                                             $      $   $  $       $   $      $   $  $         $   $   $  $   $
                                             $$$$$   $$$   $$$$$  $$$  $       $$$   $$$$$    $$$   $$$    $$$ 



                                                                   $$$$$   $$$   $      $$$  $$$$    $$$   $$$$$     $    $$$    $$$ 
                                                                   $      $   $  $       $   $   $  $   $  $        $$   $   $  $   $
                                                                   $      $      $       $   $   $  $      $         $   $   $  $   $
                                                                   $$$$   $      $       $   $$$$    $$$   $$$$      $   $   $  $   $
                                                                   $      $      $       $   $          $  $         $   $   $  $   $
                                                                   $      $   $  $       $   $      $   $  $         $   $   $  $   $
                                                                   $$$$$   $$$   $$$$$  $$$  $       $$$   $$$$$    $$$   $$$    $$$ 
 
 Version =  2011.1
 Arch    =  PC WINDOWS (64 bit)
Annex    | Modification date    | Update date          | baseline             
=====    | =================    | ===========          | ========             
ECLIPSE  | 05-MAY-2011 21:42:37 | 07-MAY-2011 04:08:09 | S:\2011.1_w19
system   | 06-MAY-2011 14:45:25 | 07-MAY-2011 04:13:33 | S:\2011.1_w19
utility  | 15-MAR-2011 11:46:19 | 07-MAY-2011 04:13:36 | S:\2011.1_w19
 

1

 ******** ECHO OF INPUT DATA FOR RUN BLACK_OIL_E100

 0: --
 0: -- -----------------------------------------------------------------------------
 0: -- Office Simulation File (DATA) Data Section Version 2013.1 Jun 14 2013
 0: -- -----------------------------------------------------------------------------
 0: --
 0: -- File: BLACK_OIL_E100.DATA
 0: -- Created on: 19-Oct-2016 at: 23:20:42
 0: --
 0: -- *****************************************************************************
 0: -- *                                  WARNING                                  *
 0: -- *                THIS FILE HAS BEEN AUTOMATICALLY GENERATED.                *
 0: -- *          ANY ATTEMPT TO EDIT MANUALLY MAY RESULT IN INVALID DATA.         *
 0: -- *****************************************************************************
 0: --
 0: 
 0: RUNSPEC
 0: 
 0: TITLE
 0: Title
 0: 
 0: START
 0:  1 'JAN' 1983 /
 0: 
 0: FIELD
 0: 
 0: FMTIN
 0: 
 0: UNIFIN
 0: 
 0: FMTOUT
 0: 
 0: UNIFOUT
 0: 
 0: GAS
 0: 
 0: OIL
 0: 
 0: WATER
 0: 
 0: DISGAS
 0: 
 0: MONITOR
 0: 
 0: RSSPEC
 0: 
 0: NOINSPEC
 0: 
 0: MSGFILE
 0: 
 0: DISPDIMS
 0:  1 2 1 /
 0: 
 0: DIMENS
 0:  50 50 1 /
 0: 
 0: SCDPDIMS
 0:  0 0 0 0 0 /
 0: 
 0: EQLDIMS
 0:  1 100 20 1 20 /
 0: 
 0: REGDIMS
 0:  1 1 0 0 /
 0: 
 0: TABDIMS
 0:  1 1 20 20 1 20 10 1 /
 0: 
 0: WELLDIMS
 0:  10 100 2 10 /
 0: 
 0: 
 0: GRID
 0: 
 0: GRIDFILE
 0:  2 /
 0: 
 0: INCLUDE

 ******** START OF INCLUDED FILE black_oil_gopp.inc                                                                                                                  

 1: --
 1: -- -----------------------------------------------------------------------------
 1: -- Office Grid Operational and Parallel Keywords (GRIDGOPP) Data Section Version 2013.1 Jun 14 2013
 1: -- -----------------------------------------------------------------------------
 1: --
 1: -- File: black_oil_gopp.inc
 1: -- Created on: Oct-18-2016 at: 15:19:18
 1: --
 1: -- *****************************************************************************
 1: -- *                                  WARNING                                  *
 1: -- *                THIS FILE HAS BEEN AUTOMATICALLY GENERATED.                *
 1: -- *          ANY ATTEMPT TO EDIT MANUALLY MAY RESULT IN INVALID DATA.         *
 1: -- *****************************************************************************
 1: --

 ******** END OF INCLUDED FILE 

 0: 
 0: INCLUDE

 ******** START OF INCLUDED FILE black_oil_ggo.inc                                                                                                                   

 1: --
 1: -- -----------------------------------------------------------------------------
 1: -- Office Grid Geometry (GRDGEOM) Data Section Version 2013.1 Jun 14 2013
 1: -- -----------------------------------------------------------------------------
 1: --
 1: -- File: black_oil_ggo.inc
 1: -- Created on: Oct-18-2016 at: 15:19:18
 1: --
 1: -- *****************************************************************************
 1: -- *                                  WARNING                                  *
 1: -- *                THIS FILE HAS BEEN AUTOMATICALLY GENERATED.                *
 1: -- *          ANY ATTEMPT TO EDIT MANUALLY MAY RESULT IN INVALID DATA.         *
 1: -- *****************************************************************************
 1: --
 1: GRIDUNIT
 1:  'FEET'  /
 1: MAPAXES
 1:           0          0          0          0          0          0 /
 1: ECHO
 1: --*BOX panel edit: DX set equal to 50 ft for box (1:50, 1:50, 1:1)
 1: DX
 1: 50 50 50 50 50 50 50 50 50 50 50 50 50 50 50 50 50 50 50 50 50 50 50 50 50 50
 1: 50 50 50 50 50 50 50 50 50 50 50 50 50 50 50 50 50 50 50 50 50 50 50 50 50 50
 1: 50 50 50 50 50 50 50 50 50 50 50 50 50 50 50 50 50 50 50 50 50 50 50 50 50 50
 1: 50 50 50 50 50 50 50 50 50 50 50 50 50 50 50 50 50 50 50 50 50 50 50 50 50 50
 1: 50 50 50 50 50 50 50 50 50 50 50 50 50 50 50 50 50 50 50 50 50 50 50 50 50 50
 1: 50 50 50 50 50 50 50 50 50 50 50 50 50 50 50 50 50 50 50 50 50 50 50 50 50 50
 1: 50 50 50 50 50 50 50 50 50 50 50 50 50 50 50 50 50 50 50 50 50 50 50 50 50 50
 1: 50 50 50 50 50 50 50 50 50 50 50 50 50 50 50 50 50 50 50 50 50 50 50 50 50 50
 1: 50 50 50 50 50 50 50 50 50 50 50 50 50 50 50 50 50 50 50 50 50 50 50 50 50 50
 1: 50 50 50 50 50 50 50 50 50 50 50 50 50 50 50 50 50 50 50 50 50 50 50 50 50 50
 1: 50 50 50 50 50 50 50 50 50 50 50 50 50 50 50 50 50 50 50 50 50 50 50 50 50 50
 1: 50 50 50 50 50 50 50 50 50 50 50 50 50 50 50 50 50 50 50 50 50 50 50 50 50 50
 1: 50 50 50 50 50 50 50 50 50 50 50 50 50 50 50 50 50 50 50 50 50 50 50 50 50 50
 1: 50 50 50 50 50 50 50 50 50 50 50 50 50 50 50 50 50 50 50 50 50 50 50 50 50 50
 1: 50 50 50 50 50 50 50 50 50 50 50 50 50 50 50 50 50 50 50 50 50 50 50 50 50 50
 1: 50 50 50 50 50 50 50 50 50 50 50 50 50 50 50 50 50 50 50 50 50 50 50 50 50 50
 1: 50 50 50 50 50 50 50 50 50 50 50 50 50 50 50 50 50 50 50 50 50 50 50 50 50 50
 1: 50 50 50 50 50 50 50 50 50 50 50 50 50 50 50 50 50 50 50 50 50 50 50 50 50 50
 1: 50 50 50 50 50 50 50 50 50 50 50 50 50 50 50 50 50 50 50 50 50 50 50 50 50 50
 1: 50 50 50 50 50 50 50 50 50 50 50 50 50 50 50 50 50 50 50 50 50 50 50 50 50 50
 1: 50 50 50 50 50 50 50 50 50 50 50 50 50 50 50 50 50 50 50 50 50 50 50 50 50 50
 1: 50 50 50 50 50 50 50 50 50 50 50 50 50 50 50 50 50 50 50 50 50 50 50 50 50 50
 1: 50 50 50 50 50 50 50 50 50 50 50 50 50 50 50 50 50 50 50 50 50 50 50 50 50 50
 1: 50 50 50 50 50 50 50 50 50 50 50 50 50 50 50 50 50 50 50 50 50 50 50 50 50 50
 1: 50 50 50 50 50 50 50 50 50 50 50 50 50 50 50 50 50 50 50 50 50 50 50 50 50 50
 1: 50 50 50 50 50 50 50 50 50 50 50 50 50 50 50 50 50 50 50 50 50 50 50 50 50 50
 1: 50 50 50 50 50 50 50 50 50 50 50 50 50 50 50 50 50 50 50 50 50 50 50 50 50 50
 1: 50 50 50 50 50 50 50 50 50 50 50 50 50 50 50 50 50 50 50 50 50 50 50 50 50 50
 1: 50 50 50 50 50 50 50 50 50 50 50 50 50 50 50 50 50 50 50 50 50 50 50 50 50 50
 1: 50 50 50 50 50 50 50 50 50 50 50 50 50 50 50 50 50 50 50 50 50 50 50 50 50 50
 1: 50 50 50 50 50 50 50 50 50 50 50 50 50 50 50 50 50 50 50 50 50 50 50 50 50 50
 1: 50 50 50 50 50 50 50 50 50 50 50 50 50 50 50 50 50 50 50 50 50 50 50 50 50 50
 1: 50 50 50 50 50 50 50 50 50 50 50 50 50 50 50 50 50 50 50 50 50 50 50 50 50 50
 1: 50 50 50 50 50 50 50 50 50 50 50 50 50 50 50 50 50 50 50 50 50 50 50 50 50 50
 1: 50 50 50 50 50 50 50 50 50 50 50 50 50 50 50 50 50 50 50 50 50 50 50 50 50 50
 1: 50 50 50 50 50 50 50 50 50 50 50 50 50 50 50 50 50 50 50 50 50 50 50 50 50 50
 1: 50 50 50 50 50 50 50 50 50 50 50 50 50 50 50 50 50 50 50 50 50 50 50 50 50 50
 1: 50 50 50 50 50 50 50 50 50 50 50 50 50 50 50 50 50 50 50 50 50 50 50 50 50 50
 1: 50 50 50 50 50 50 50 50 50 50 50 50 50 50 50 50 50 50 50 50 50 50 50 50 50 50
 1: 50 50 50 50 50 50 50 50 50 50 50 50 50 50 50 50 50 50 50 50 50 50 50 50 50 50
 1: 50 50 50 50 50 50 50 50 50 50 50 50 50 50 50 50 50 50 50 50 50 50 50 50 50 50
 1: 50 50 50 50 50 50 50 50 50 50 50 50 50 50 50 50 50 50 50 50 50 50 50 50 50 50
 1: 50 50 50 50 50 50 50 50 50 50 50 50 50 50 50 50 50 50 50 50 50 50 50 50 50 50
 1: 50 50 50 50 50 50 50 50 50 50 50 50 50 50 50 50 50 50 50 50 50 50 50 50 50 50
 1: 50 50 50 50 50 50 50 50 50 50 50 50 50 50 50 50 50 50 50 50 50 50 50 50 50 50
 1: 50 50 50 50 50 50 50 50 50 50 50 50 50 50 50 50 50 50 50 50 50 50 50 50 50 50
 1: 50 50 50 50 50 50 50 50 50 50 50 50 50 50 50 50 50 50 50 50 50 50 50 50 50 50
 1: 50 50 50 50 50 50 50 50 50 50 50 50 50 50 50 50 50 50 50 50 50 50 50 50 50 50
 1: 50 50 50 50 50 50 50 50 50 50 50 50 50 50 50 50 50 50 50 50 50 50 50 50 50 50
 1: 50 50 50 50 50 50 50 50 50 50 50 50 50 50 50 50 50 50 50 50 50 50 50 50 50 50
 1: 50 50 50 50 50 50 50 50 50 50 50 50 50 50 50 50 50 50 50 50 50 50 50 50 50 50
 1: 50 50 50 50 50 50 50 50 50 50 50 50 50 50 50 50 50 50 50 50 50 50 50 50 50 50
 1: 50 50 50 50 50 50 50 50 50 50 50 50 50 50 50 50 50 50 50 50 50 50 50 50 50 50
 1: 50 50 50 50 50 50 50 50 50 50 50 50 50 50 50 50 50 50 50 50 50 50 50 50 50 50
 1: 50 50 50 50 50 50 50 50 50 50 50 50 50 50 50 50 50 50 50 50 50 50 50 50 50 50
 1: 50 50 50 50 50 50 50 50 50 50 50 50 50 50 50 50 50 50 50 50 50 50 50 50 50 50
 1: 50 50 50 50 50 50 50 50 50 50 50 50 50 50 50 50 50 50 50 50 50 50 50 50 50 50
 1: 50 50 50 50 50 50 50 50 50 50 50 50 50 50 50 50 50 50 50 50 50 50 50 50 50 50
 1: 50 50 50 50 50 50 50 50 50 50 50 50 50 50 50 50 50 50 50 50 50 50 50 50 50 50
 1: 50 50 50 50 50 50 50 50 50 50 50 50 50 50 50 50 50 50 50 50 50 50 50 50 50 50
 1: 50 50 50 50 50 50 50 50 50 50 50 50 50 50 50 50 50 50 50 50 50 50 50 50 50 50
 1: 50 50 50 50 50 50 50 50 50 50 50 50 50 50 50 50 50 50 50 50 50 50 50 50 50 50
 1: 50 50 50 50 50 50 50 50 50 50 50 50 50 50 50 50 50 50 50 50 50 50 50 50 50 50
 1: 50 50 50 50 50 50 50 50 50 50 50 50 50 50 50 50 50 50 50 50 50 50 50 50 50 50
 1: 50 50 50 50 50 50 50 50 50 50 50 50 50 50 50 50 50 50 50 50 50 50 50 50 50 50
 1: 50 50 50 50 50 50 50 50 50 50 50 50 50 50 50 50 50 50 50 50 50 50 50 50 50 50
 1: 50 50 50 50 50 50 50 50 50 50 50 50 50 50 50 50 50 50 50 50 50 50 50 50 50 50
 1: 50 50 50 50 50 50 50 50 50 50 50 50 50 50 50 50 50 50 50 50 50 50 50 50 50 50
 1: 50 50 50 50 50 50 50 50 50 50 50 50 50 50 50 50 50 50 50 50 50 50 50 50 50 50
 1: 50 50 50 50 50 50 50 50 50 50 50 50 50 50 50 50 50 50 50 50 50 50 50 50 50 50
 1: 50 50 50 50 50 50 50 50 50 50 50 50 50 50 50 50 50 50 50 50 50 50 50 50 50 50
 1: 50 50 50 50 50 50 50 50 50 50 50 50 50 50 50 50 50 50 50 50 50 50 50 50 50 50
 1: 50 50 50 50 50 50 50 50 50 50 50 50 50 50 50 50 50 50 50 50 50 50 50 50 50 50
 1: 50 50 50 50 50 50 50 50 50 50 50 50 50 50 50 50 50 50 50 50 50 50 50 50 50 50
 1: 50 50 50 50 50 50 50 50 50 50 50 50 50 50 50 50 50 50 50 50 50 50 50 50 50 50
 1: 50 50 50 50 50 50 50 50 50 50 50 50 50 50 50 50 50 50 50 50 50 50 50 50 50 50
 1: 50 50 50 50 50 50 50 50 50 50 50 50 50 50 50 50 50 50 50 50 50 50 50 50 50 50
 1: 50 50 50 50 50 50 50 50 50 50 50 50 50 50 50 50 50 50 50 50 50 50 50 50 50 50
 1: 50 50 50 50 50 50 50 50 50 50 50 50 50 50 50 50 50 50 50 50 50 50 50 50 50 50
 1: 50 50 50 50 50 50 50 50 50 50 50 50 50 50 50 50 50 50 50 50 50 50 50 50 50 50
 1: 50 50 50 50 50 50 50 50 50 50 50 50 50 50 50 50 50 50 50 50 50 50 50 50 50 50
 1: 50 50 50 50 50 50 50 50 50 50 50 50 50 50 50 50 50 50 50 50 50 50 50 50 50 50
 1: 50 50 50 50 50 50 50 50 50 50 50 50 50 50 50 50 50 50 50 50 50 50 50 50 50 50
 1: 50 50 50 50 50 50 50 50 50 50 50 50 50 50 50 50 50 50 50 50 50 50 50 50 50 50
 1: 50 50 50 50 50 50 50 50 50 50 50 50 50 50 50 50 50 50 50 50 50 50 50 50 50 50
 1: 50 50 50 50 50 50 50 50 50 50 50 50 50 50 50 50 50 50 50 50 50 50 50 50 50 50
 1: 50 50 50 50 50 50 50 50 50 50 50 50 50 50 50 50 50 50 50 50 50 50 50 50 50 50
 1: 50 50 50 50 50 50 50 50 50 50 50 50 50 50 50 50 50 50 50 50 50 50 50 50 50 50
 1: 50 50 50 50 50 50 50 50 50 50 50 50 50 50 50 50 50 50 50 50 50 50 50 50 50 50
 1: 50 50 50 50 50 50 50 50 50 50 50 50 50 50 50 50 50 50 50 50 50 50 50 50 50 50
 1: 50 50 50 50 50 50 50 50 50 50 50 50 50 50 50 50 50 50 50 50 50 50 50 50 50 50
 1: 50 50 50 50 50 50 50 50 50 50 50 50 50 50 50 50 50 50 50 50 50 50 50 50 50 50
 1: 50 50 50 50 50 50 50 50 50 50 50 50 50 50 50 50 50 50 50 50 50 50 50 50 50 50
 1: 50 50 50 50 50 50 50 50 50 50 50 50 50 50 50 50 50 50 50 50 50 50 50 50 50 50
 1: 50 50 50 50 50 50 50 50 50 50 50 50 50 50 50 50 50 50 50 50 50 50 50 50 50 50
 1: 50 50 50 50 50 50 50 50 50 50 50 50 50 50 50 50 50 50 50 50 50 50 50 50 50 50
 1: 50 50 50 50
 1: /
 1: 
 1: --*BOX panel edit: DY set equal to 50 ft for box (1:50, 1:50, 1:1)
 1: DY
 1: 50 50 50 50 50 50 50 50 50 50 50 50 50 50 50 50 50 50 50 50 50 50 50 50 50 50
 1: 50 50 50 50 50 50 50 50 50 50 50 50 50 50 50 50 50 50 50 50 50 50 50 50 50 50
 1: 50 50 50 50 50 50 50 50 50 50 50 50 50 50 50 50 50 50 50 50 50 50 50 50 50 50
 1: 50 50 50 50 50 50 50 50 50 50 50 50 50 50 50 50 50 50 50 50 50 50 50 50 50 50
 1: 50 50 50 50 50 50 50 50 50 50 50 50 50 50 50 50 50 50 50 50 50 50 50 50 50 50
 1: 50 50 50 50 50 50 50 50 50 50 50 50 50 50 50 50 50 50 50 50 50 50 50 50 50 50
 1: 50 50 50 50 50 50 50 50 50 50 50 50 50 50 50 50 50 50 50 50 50 50 50 50 50 50
 1: 50 50 50 50 50 50 50 50 50 50 50 50 50 50 50 50 50 50 50 50 50 50 50 50 50 50
 1: 50 50 50 50 50 50 50 50 50 50 50 50 50 50 50 50 50 50 50 50 50 50 50 50 50 50
 1: 50 50 50 50 50 50 50 50 50 50 50 50 50 50 50 50 50 50 50 50 50 50 50 50 50 50
 1: 50 50 50 50 50 50 50 50 50 50 50 50 50 50 50 50 50 50 50 50 50 50 50 50 50 50
 1: 50 50 50 50 50 50 50 50 50 50 50 50 50 50 50 50 50 50 50 50 50 50 50 50 50 50
 1: 50 50 50 50 50 50 50 50 50 50 50 50 50 50 50 50 50 50 50 50 50 50 50 50 50 50
 1: 50 50 50 50 50 50 50 50 50 50 50 50 50 50 50 50 50 50 50 50 50 50 50 50 50 50
 1: 50 50 50 50 50 50 50 50 50 50 50 50 50 50 50 50 50 50 50 50 50 50 50 50 50 50
 1: 50 50 50 50 50 50 50 50 50 50 50 50 50 50 50 50 50 50 50 50 50 50 50 50 50 50
 1: 50 50 50 50 50 50 50 50 50 50 50 50 50 50 50 50 50 50 50 50 50 50 50 50 50 50
 1: 50 50 50 50 50 50 50 50 50 50 50 50 50 50 50 50 50 50 50 50 50 50 50 50 50 50
 1: 50 50 50 50 50 50 50 50 50 50 50 50 50 50 50 50 50 50 50 50 50 50 50 50 50 50
 1: 50 50 50 50 50 50 50 50 50 50 50 50 50 50 50 50 50 50 50 50 50 50 50 50 50 50
 1: 50 50 50 50 50 50 50 50 50 50 50 50 50 50 50 50 50 50 50 50 50 50 50 50 50 50
 1: 50 50 50 50 50 50 50 50 50 50 50 50 50 50 50 50 50 50 50 50 50 50 50 50 50 50
 1: 50 50 50 50 50 50 50 50 50 50 50 50 50 50 50 50 50 50 50 50 50 50 50 50 50 50
 1: 50 50 50 50 50 50 50 50 50 50 50 50 50 50 50 50 50 50 50 50 50 50 50 50 50 50
 1: 50 50 50 50 50 50 50 50 50 50 50 50 50 50 50 50 50 50 50 50 50 50 50 50 50 50
 1: 50 50 50 50 50 50 50 50 50 50 50 50 50 50 50 50 50 50 50 50 50 50 50 50 50 50
 1: 50 50 50 50 50 50 50 50 50 50 50 50 50 50 50 50 50 50 50 50 50 50 50 50 50 50
 1: 50 50 50 50 50 50 50 50 50 50 50 50 50 50 50 50 50 50 50 50 50 50 50 50 50 50
 1: 50 50 50 50 50 50 50 50 50 50 50 50 50 50 50 50 50 50 50 50 50 50 50 50 50 50
 1: 50 50 50 50 50 50 50 50 50 50 50 50 50 50 50 50 50 50 50 50 50 50 50 50 50 50
 1: 50 50 50 50 50 50 50 50 50 50 50 50 50 50 50 50 50 50 50 50 50 50 50 50 50 50
 1: 50 50 50 50 50 50 50 50 50 50 50 50 50 50 50 50 50 50 50 50 50 50 50 50 50 50
 1: 50 50 50 50 50 50 50 50 50 50 50 50 50 50 50 50 50 50 50 50 50 50 50 50 50 50
 1: 50 50 50 50 50 50 50 50 50 50 50 50 50 50 50 50 50 50 50 50 50 50 50 50 50 50
 1: 50 50 50 50 50 50 50 50 50 50 50 50 50 50 50 50 50 50 50 50 50 50 50 50 50 50
 1: 50 50 50 50 50 50 50 50 50 50 50 50 50 50 50 50 50 50 50 50 50 50 50 50 50 50
 1: 50 50 50 50 50 50 50 50 50 50 50 50 50 50 50 50 50 50 50 50 50 50 50 50 50 50
 1: 50 50 50 50 50 50 50 50 50 50 50 50 50 50 50 50 50 50 50 50 50 50 50 50 50 50
 1: 50 50 50 50 50 50 50 50 50 50 50 50 50 50 50 50 50 50 50 50 50 50 50 50 50 50
 1: 50 50 50 50 50 50 50 50 50 50 50 50 50 50 50 50 50 50 50 50 50 50 50 50 50 50
 1: 50 50 50 50 50 50 50 50 50 50 50 50 50 50 50 50 50 50 50 50 50 50 50 50 50 50
 1: 50 50 50 50 50 50 50 50 50 50 50 50 50 50 50 50 50 50 50 50 50 50 50 50 50 50
 1: 50 50 50 50 50 50 50 50 50 50 50 50 50 50 50 50 50 50 50 50 50 50 50 50 50 50
 1: 50 50 50 50 50 50 50 50 50 50 50 50 50 50 50 50 50 50 50 50 50 50 50 50 50 50
 1: 50 50 50 50 50 50 50 50 50 50 50 50 50 50 50 50 50 50 50 50 50 50 50 50 50 50
 1: 50 50 50 50 50 50 50 50 50 50 50 50 50 50 50 50 50 50 50 50 50 50 50 50 50 50
 1: 50 50 50 50 50 50 50 50 50 50 50 50 50 50 50 50 50 50 50 50 50 50 50 50 50 50
 1: 50 50 50 50 50 50 50 50 50 50 50 50 50 50 50 50 50 50 50 50 50 50 50 50 50 50
 1: 50 50 50 50 50 50 50 50 50 50 50 50 50 50 50 50 50 50 50 50 50 50 50 50 50 50
 1: 50 50 50 50 50 50 50 50 50 50 50 50 50 50 50 50 50 50 50 50 50 50 50 50 50 50
 1: 50 50 50 50 50 50 50 50 50 50 50 50 50 50 50 50 50 50 50 50 50 50 50 50 50 50
 1: 50 50 50 50 50 50 50 50 50 50 50 50 50 50 50 50 50 50 50 50 50 50 50 50 50 50
 1: 50 50 50 50 50 50 50 50 50 50 50 50 50 50 50 50 50 50 50 50 50 50 50 50 50 50
 1: 50 50 50 50 50 50 50 50 50 50 50 50 50 50 50 50 50 50 50 50 50 50 50 50 50 50
 1: 50 50 50 50 50 50 50 50 50 50 50 50 50 50 50 50 50 50 50 50 50 50 50 50 50 50
 1: 50 50 50 50 50 50 50 50 50 50 50 50 50 50 50 50 50 50 50 50 50 50 50 50 50 50
 1: 50 50 50 50 50 50 50 50 50 50 50 50 50 50 50 50 50 50 50 50 50 50 50 50 50 50
 1: 50 50 50 50 50 50 50 50 50 50 50 50 50 50 50 50 50 50 50 50 50 50 50 50 50 50
 1: 50 50 50 50 50 50 50 50 50 50 50 50 50 50 50 50 50 50 50 50 50 50 50 50 50 50
 1: 50 50 50 50 50 50 50 50 50 50 50 50 50 50 50 50 50 50 50 50 50 50 50 50 50 50
 1: 50 50 50 50 50 50 50 50 50 50 50 50 50 50 50 50 50 50 50 50 50 50 50 50 50 50
 1: 50 50 50 50 50 50 50 50 50 50 50 50 50 50 50 50 50 50 50 50 50 50 50 50 50 50
 1: 50 50 50 50 50 50 50 50 50 50 50 50 50 50 50 50 50 50 50 50 50 50 50 50 50 50
 1: 50 50 50 50 50 50 50 50 50 50 50 50 50 50 50 50 50 50 50 50 50 50 50 50 50 50
 1: 50 50 50 50 50 50 50 50 50 50 50 50 50 50 50 50 50 50 50 50 50 50 50 50 50 50
 1: 50 50 50 50 50 50 50 50 50 50 50 50 50 50 50 50 50 50 50 50 50 50 50 50 50 50
 1: 50 50 50 50 50 50 50 50 50 50 50 50 50 50 50 50 50 50 50 50 50 50 50 50 50 50
 1: 50 50 50 50 50 50 50 50 50 50 50 50 50 50 50 50 50 50 50 50 50 50 50 50 50 50
 1: 50 50 50 50 50 50 50 50 50 50 50 50 50 50 50 50 50 50 50 50 50 50 50 50 50 50
 1: 50 50 50 50 50 50 50 50 50 50 50 50 50 50 50 50 50 50 50 50 50 50 50 50 50 50
 1: 50 50 50 50 50 50 50 50 50 50 50 50 50 50 50 50 50 50 50 50 50 50 50 50 50 50
 1: 50 50 50 50 50 50 50 50 50 50 50 50 50 50 50 50 50 50 50 50 50 50 50 50 50 50
 1: 50 50 50 50 50 50 50 50 50 50 50 50 50 50 50 50 50 50 50 50 50 50 50 50 50 50
 1: 50 50 50 50 50 50 50 50 50 50 50 50 50 50 50 50 50 50 50 50 50 50 50 50 50 50
 1: 50 50 50 50 50 50 50 50 50 50 50 50 50 50 50 50 50 50 50 50 50 50 50 50 50 50
 1: 50 50 50 50 50 50 50 50 50 50 50 50 50 50 50 50 50 50 50 50 50 50 50 50 50 50
 1: 50 50 50 50 50 50 50 50 50 50 50 50 50 50 50 50 50 50 50 50 50 50 50 50 50 50
 1: 50 50 50 50 50 50 50 50 50 50 50 50 50 50 50 50 50 50 50 50 50 50 50 50 50 50
 1: 50 50 50 50 50 50 50 50 50 50 50 50 50 50 50 50 50 50 50 50 50 50 50 50 50 50
 1: 50 50 50 50 50 50 50 50 50 50 50 50 50 50 50 50 50 50 50 50 50 50 50 50 50 50
 1: 50 50 50 50 50 50 50 50 50 50 50 50 50 50 50 50 50 50 50 50 50 50 50 50 50 50
 1: 50 50 50 50 50 50 50 50 50 50 50 50 50 50 50 50 50 50 50 50 50 50 50 50 50 50
 1: 50 50 50 50 50 50 50 50 50 50 50 50 50 50 50 50 50 50 50 50 50 50 50 50 50 50
 1: 50 50 50 50 50 50 50 50 50 50 50 50 50 50 50 50 50 50 50 50 50 50 50 50 50 50
 1: 50 50 50 50 50 50 50 50 50 50 50 50 50 50 50 50 50 50 50 50 50 50 50 50 50 50
 1: 50 50 50 50 50 50 50 50 50 50 50 50 50 50 50 50 50 50 50 50 50 50 50 50 50 50
 1: 50 50 50 50 50 50 50 50 50 50 50 50 50 50 50 50 50 50 50 50 50 50 50 50 50 50
 1: 50 50 50 50 50 50 50 50 50 50 50 50 50 50 50 50 50 50 50 50 50 50 50 50 50 50
 1: 50 50 50 50 50 50 50 50 50 50 50 50 50 50 50 50 50 50 50 50 50 50 50 50 50 50
 1: 50 50 50 50 50 50 50 50 50 50 50 50 50 50 50 50 50 50 50 50 50 50 50 50 50 50
 1: 50 50 50 50 50 50 50 50 50 50 50 50 50 50 50 50 50 50 50 50 50 50 50 50 50 50
 1: 50 50 50 50 50 50 50 50 50 50 50 50 50 50 50 50 50 50 50 50 50 50 50 50 50 50
 1: 50 50 50 50 50 50 50 50 50 50 50 50 50 50 50 50 50 50 50 50 50 50 50 50 50 50
 1: 50 50 50 50 50 50 50 50 50 50 50 50 50 50 50 50 50 50 50 50 50 50 50 50 50 50
 1: 50 50 50 50 50 50 50 50 50 50 50 50 50 50 50 50 50 50 50 50 50 50 50 50 50 50
 1: 50 50 50 50 50 50 50 50 50 50 50 50 50 50 50 50 50 50 50 50 50 50 50 50 50 50
 1: 50 50 50 50
 1: /
 1: 
 1: --*BOX panel edit: DZ set equal to 10 ft for box (1:50, 1:50, 1:1)
 1: DZ
 1: 10 10 10 10 10 10 10 10 10 10 10 10 10 10 10 10 10 10 10 10 10 10 10 10 10 10
 1: 10 10 10 10 10 10 10 10 10 10 10 10 10 10 10 10 10 10 10 10 10 10 10 10 10 10
 1: 10 10 10 10 10 10 10 10 10 10 10 10 10 10 10 10 10 10 10 10 10 10 10 10 10 10
 1: 10 10 10 10 10 10 10 10 10 10 10 10 10 10 10 10 10 10 10 10 10 10 10 10 10 10
 1: 10 10 10 10 10 10 10 10 10 10 10 10 10 10 10 10 10 10 10 10 10 10 10 10 10 10
 1: 10 10 10 10 10 10 10 10 10 10 10 10 10 10 10 10 10 10 10 10 10 10 10 10 10 10
 1: 10 10 10 10 10 10 10 10 10 10 10 10 10 10 10 10 10 10 10 10 10 10 10 10 10 10
 1: 10 10 10 10 10 10 10 10 10 10 10 10 10 10 10 10 10 10 10 10 10 10 10 10 10 10
 1: 10 10 10 10 10 10 10 10 10 10 10 10 10 10 10 10 10 10 10 10 10 10 10 10 10 10
 1: 10 10 10 10 10 10 10 10 10 10 10 10 10 10 10 10 10 10 10 10 10 10 10 10 10 10
 1: 10 10 10 10 10 10 10 10 10 10 10 10 10 10 10 10 10 10 10 10 10 10 10 10 10 10
 1: 10 10 10 10 10 10 10 10 10 10 10 10 10 10 10 10 10 10 10 10 10 10 10 10 10 10
 1: 10 10 10 10 10 10 10 10 10 10 10 10 10 10 10 10 10 10 10 10 10 10 10 10 10 10
 1: 10 10 10 10 10 10 10 10 10 10 10 10 10 10 10 10 10 10 10 10 10 10 10 10 10 10
 1: 10 10 10 10 10 10 10 10 10 10 10 10 10 10 10 10 10 10 10 10 10 10 10 10 10 10
 1: 10 10 10 10 10 10 10 10 10 10 10 10 10 10 10 10 10 10 10 10 10 10 10 10 10 10
 1: 10 10 10 10 10 10 10 10 10 10 10 10 10 10 10 10 10 10 10 10 10 10 10 10 10 10
 1: 10 10 10 10 10 10 10 10 10 10 10 10 10 10 10 10 10 10 10 10 10 10 10 10 10 10
 1: 10 10 10 10 10 10 10 10 10 10 10 10 10 10 10 10 10 10 10 10 10 10 10 10 10 10
 1: 10 10 10 10 10 10 10 10 10 10 10 10 10 10 10 10 10 10 10 10 10 10 10 10 10 10
 1: 10 10 10 10 10 10 10 10 10 10 10 10 10 10 10 10 10 10 10 10 10 10 10 10 10 10
 1: 10 10 10 10 10 10 10 10 10 10 10 10 10 10 10 10 10 10 10 10 10 10 10 10 10 10
 1: 10 10 10 10 10 10 10 10 10 10 10 10 10 10 10 10 10 10 10 10 10 10 10 10 10 10
 1: 10 10 10 10 10 10 10 10 10 10 10 10 10 10 10 10 10 10 10 10 10 10 10 10 10 10
 1: 10 10 10 10 10 10 10 10 10 10 10 10 10 10 10 10 10 10 10 10 10 10 10 10 10 10
 1: 10 10 10 10 10 10 10 10 10 10 10 10 10 10 10 10 10 10 10 10 10 10 10 10 10 10
 1: 10 10 10 10 10 10 10 10 10 10 10 10 10 10 10 10 10 10 10 10 10 10 10 10 10 10
 1: 10 10 10 10 10 10 10 10 10 10 10 10 10 10 10 10 10 10 10 10 10 10 10 10 10 10
 1: 10 10 10 10 10 10 10 10 10 10 10 10 10 10 10 10 10 10 10 10 10 10 10 10 10 10
 1: 10 10 10 10 10 10 10 10 10 10 10 10 10 10 10 10 10 10 10 10 10 10 10 10 10 10
 1: 10 10 10 10 10 10 10 10 10 10 10 10 10 10 10 10 10 10 10 10 10 10 10 10 10 10
 1: 10 10 10 10 10 10 10 10 10 10 10 10 10 10 10 10 10 10 10 10 10 10 10 10 10 10
 1: 10 10 10 10 10 10 10 10 10 10 10 10 10 10 10 10 10 10 10 10 10 10 10 10 10 10
 1: 10 10 10 10 10 10 10 10 10 10 10 10 10 10 10 10 10 10 10 10 10 10 10 10 10 10
 1: 10 10 10 10 10 10 10 10 10 10 10 10 10 10 10 10 10 10 10 10 10 10 10 10 10 10
 1: 10 10 10 10 10 10 10 10 10 10 10 10 10 10 10 10 10 10 10 10 10 10 10 10 10 10
 1: 10 10 10 10 10 10 10 10 10 10 10 10 10 10 10 10 10 10 10 10 10 10 10 10 10 10
 1: 10 10 10 10 10 10 10 10 10 10 10 10 10 10 10 10 10 10 10 10 10 10 10 10 10 10
 1: 10 10 10 10 10 10 10 10 10 10 10 10 10 10 10 10 10 10 10 10 10 10 10 10 10 10
 1: 10 10 10 10 10 10 10 10 10 10 10 10 10 10 10 10 10 10 10 10 10 10 10 10 10 10
 1: 10 10 10 10 10 10 10 10 10 10 10 10 10 10 10 10 10 10 10 10 10 10 10 10 10 10
 1: 10 10 10 10 10 10 10 10 10 10 10 10 10 10 10 10 10 10 10 10 10 10 10 10 10 10
 1: 10 10 10 10 10 10 10 10 10 10 10 10 10 10 10 10 10 10 10 10 10 10 10 10 10 10
 1: 10 10 10 10 10 10 10 10 10 10 10 10 10 10 10 10 10 10 10 10 10 10 10 10 10 10
 1: 10 10 10 10 10 10 10 10 10 10 10 10 10 10 10 10 10 10 10 10 10 10 10 10 10 10
 1: 10 10 10 10 10 10 10 10 10 10 10 10 10 10 10 10 10 10 10 10 10 10 10 10 10 10
 1: 10 10 10 10 10 10 10 10 10 10 10 10 10 10 10 10 10 10 10 10 10 10 10 10 10 10
 1: 10 10 10 10 10 10 10 10 10 10 10 10 10 10 10 10 10 10 10 10 10 10 10 10 10 10
 1: 10 10 10 10 10 10 10 10 10 10 10 10 10 10 10 10 10 10 10 10 10 10 10 10 10 10
 1: 10 10 10 10 10 10 10 10 10 10 10 10 10 10 10 10 10 10 10 10 10 10 10 10 10 10
 1: 10 10 10 10 10 10 10 10 10 10 10 10 10 10 10 10 10 10 10 10 10 10 10 10 10 10
 1: 10 10 10 10 10 10 10 10 10 10 10 10 10 10 10 10 10 10 10 10 10 10 10 10 10 10
 1: 10 10 10 10 10 10 10 10 10 10 10 10 10 10 10 10 10 10 10 10 10 10 10 10 10 10
 1: 10 10 10 10 10 10 10 10 10 10 10 10 10 10 10 10 10 10 10 10 10 10 10 10 10 10
 1: 10 10 10 10 10 10 10 10 10 10 10 10 10 10 10 10 10 10 10 10 10 10 10 10 10 10
 1: 10 10 10 10 10 10 10 10 10 10 10 10 10 10 10 10 10 10 10 10 10 10 10 10 10 10
 1: 10 10 10 10 10 10 10 10 10 10 10 10 10 10 10 10 10 10 10 10 10 10 10 10 10 10
 1: 10 10 10 10 10 10 10 10 10 10 10 10 10 10 10 10 10 10 10 10 10 10 10 10 10 10
 1: 10 10 10 10 10 10 10 10 10 10 10 10 10 10 10 10 10 10 10 10 10 10 10 10 10 10
 1: 10 10 10 10 10 10 10 10 10 10 10 10 10 10 10 10 10 10 10 10 10 10 10 10 10 10
 1: 10 10 10 10 10 10 10 10 10 10 10 10 10 10 10 10 10 10 10 10 10 10 10 10 10 10
 1: 10 10 10 10 10 10 10 10 10 10 10 10 10 10 10 10 10 10 10 10 10 10 10 10 10 10
 1: 10 10 10 10 10 10 10 10 10 10 10 10 10 10 10 10 10 10 10 10 10 10 10 10 10 10
 1: 10 10 10 10 10 10 10 10 10 10 10 10 10 10 10 10 10 10 10 10 10 10 10 10 10 10
 1: 10 10 10 10 10 10 10 10 10 10 10 10 10 10 10 10 10 10 10 10 10 10 10 10 10 10
 1: 10 10 10 10 10 10 10 10 10 10 10 10 10 10 10 10 10 10 10 10 10 10 10 10 10 10
 1: 10 10 10 10 10 10 10 10 10 10 10 10 10 10 10 10 10 10 10 10 10 10 10 10 10 10
 1: 10 10 10 10 10 10 10 10 10 10 10 10 10 10 10 10 10 10 10 10 10 10 10 10 10 10
 1: 10 10 10 10 10 10 10 10 10 10 10 10 10 10 10 10 10 10 10 10 10 10 10 10 10 10
 1: 10 10 10 10 10 10 10 10 10 10 10 10 10 10 10 10 10 10 10 10 10 10 10 10 10 10
 1: 10 10 10 10 10 10 10 10 10 10 10 10 10 10 10 10 10 10 10 10 10 10 10 10 10 10
 1: 10 10 10 10 10 10 10 10 10 10 10 10 10 10 10 10 10 10 10 10 10 10 10 10 10 10
 1: 10 10 10 10 10 10 10 10 10 10 10 10 10 10 10 10 10 10 10 10 10 10 10 10 10 10
 1: 10 10 10 10 10 10 10 10 10 10 10 10 10 10 10 10 10 10 10 10 10 10 10 10 10 10
 1: 10 10 10 10 10 10 10 10 10 10 10 10 10 10 10 10 10 10 10 10 10 10 10 10 10 10
 1: 10 10 10 10 10 10 10 10 10 10 10 10 10 10 10 10 10 10 10 10 10 10 10 10 10 10
 1: 10 10 10 10 10 10 10 10 10 10 10 10 10 10 10 10 10 10 10 10 10 10 10 10 10 10
 1: 10 10 10 10 10 10 10 10 10 10 10 10 10 10 10 10 10 10 10 10 10 10 10 10 10 10
 1: 10 10 10 10 10 10 10 10 10 10 10 10 10 10 10 10 10 10 10 10 10 10 10 10 10 10
 1: 10 10 10 10 10 10 10 10 10 10 10 10 10 10 10 10 10 10 10 10 10 10 10 10 10 10
 1: 10 10 10 10 10 10 10 10 10 10 10 10 10 10 10 10 10 10 10 10 10 10 10 10 10 10
 1: 10 10 10 10 10 10 10 10 10 10 10 10 10 10 10 10 10 10 10 10 10 10 10 10 10 10
 1: 10 10 10 10 10 10 10 10 10 10 10 10 10 10 10 10 10 10 10 10 10 10 10 10 10 10
 1: 10 10 10 10 10 10 10 10 10 10 10 10 10 10 10 10 10 10 10 10 10 10 10 10 10 10
 1: 10 10 10 10 10 10 10 10 10 10 10 10 10 10 10 10 10 10 10 10 10 10 10 10 10 10
 1: 10 10 10 10 10 10 10 10 10 10 10 10 10 10 10 10 10 10 10 10 10 10 10 10 10 10
 1: 10 10 10 10 10 10 10 10 10 10 10 10 10 10 10 10 10 10 10 10 10 10 10 10 10 10
 1: 10 10 10 10 10 10 10 10 10 10 10 10 10 10 10 10 10 10 10 10 10 10 10 10 10 10
 1: 10 10 10 10 10 10 10 10 10 10 10 10 10 10 10 10 10 10 10 10 10 10 10 10 10 10
 1: 10 10 10 10 10 10 10 10 10 10 10 10 10 10 10 10 10 10 10 10 10 10 10 10 10 10
 1: 10 10 10 10 10 10 10 10 10 10 10 10 10 10 10 10 10 10 10 10 10 10 10 10 10 10
 1: 10 10 10 10 10 10 10 10 10 10 10 10 10 10 10 10 10 10 10 10 10 10 10 10 10 10
 1: 10 10 10 10 10 10 10 10 10 10 10 10 10 10 10 10 10 10 10 10 10 10 10 10 10 10
 1: 10 10 10 10 10 10 10 10 10 10 10 10 10 10 10 10 10 10 10 10 10 10 10 10 10 10
 1: 10 10 10 10 10 10 10 10 10 10 10 10 10 10 10 10 10 10 10 10 10 10 10 10 10 10
 1: 10 10 10 10 10 10 10 10 10 10 10 10 10 10 10 10 10 10 10 10 10 10 10 10 10 10
 1: 10 10 10 10
 1: /
 1: 
 1: --*BOX panel edit: TOPS set equal to 1000 ft for box (1:50, 1:50, 1:1)
 1: TOPS
 1: 1000 1000 1000 1000 1000 1000 1000 1000 1000 1000 1000 1000 1000 1000 1000 1000
 1: 1000 1000 1000 1000 1000 1000 1000 1000 1000 1000 1000 1000 1000 1000 1000 1000
 1: 1000 1000 1000 1000 1000 1000 1000 1000 1000 1000 1000 1000 1000 1000 1000 1000
 1: 1000 1000 1000 1000 1000 1000 1000 1000 1000 1000 1000 1000 1000 1000 1000 1000
 1: 1000 1000 1000 1000 1000 1000 1000 1000 1000 1000 1000 1000 1000 1000 1000 1000
 1: 1000 1000 1000 1000 1000 1000 1000 1000 1000 1000 1000 1000 1000 1000 1000 1000
 1: 1000 1000 1000 1000 1000 1000 1000 1000 1000 1000 1000 1000 1000 1000 1000 1000
 1: 1000 1000 1000 1000 1000 1000 1000 1000 1000 1000 1000 1000 1000 1000 1000 1000
 1: 1000 1000 1000 1000 1000 1000 1000 1000 1000 1000 1000 1000 1000 1000 1000 1000
 1: 1000 1000 1000 1000 1000 1000 1000 1000 1000 1000 1000 1000 1000 1000 1000 1000
 1: 1000 1000 1000 1000 1000 1000 1000 1000 1000 1000 1000 1000 1000 1000 1000 1000
 1: 1000 1000 1000 1000 1000 1000 1000 1000 1000 1000 1000 1000 1000 1000 1000 1000
 1: 1000 1000 1000 1000 1000 1000 1000 1000 1000 1000 1000 1000 1000 1000 1000 1000
 1: 1000 1000 1000 1000 1000 1000 1000 1000 1000 1000 1000 1000 1000 1000 1000 1000
 1: 1000 1000 1000 1000 1000 1000 1000 1000 1000 1000 1000 1000 1000 1000 1000 1000
 1: 1000 1000 1000 1000 1000 1000 1000 1000 1000 1000 1000 1000 1000 1000 1000 1000
 1: 1000 1000 1000 1000 1000 1000 1000 1000 1000 1000 1000 1000 1000 1000 1000 1000
 1: 1000 1000 1000 1000 1000 1000 1000 1000 1000 1000 1000 1000 1000 1000 1000 1000
 1: 1000 1000 1000 1000 1000 1000 1000 1000 1000 1000 1000 1000 1000 1000 1000 1000
 1: 1000 1000 1000 1000 1000 1000 1000 1000 1000 1000 1000 1000 1000 1000 1000 1000
 1: 1000 1000 1000 1000 1000 1000 1000 1000 1000 1000 1000 1000 1000 1000 1000 1000
 1: 1000 1000 1000 1000 1000 1000 1000 1000 1000 1000 1000 1000 1000 1000 1000 1000
 1: 1000 1000 1000 1000 1000 1000 1000 1000 1000 1000 1000 1000 1000 1000 1000 1000
 1: 1000 1000 1000 1000 1000 1000 1000 1000 1000 1000 1000 1000 1000 1000 1000 1000
 1: 1000 1000 1000 1000 1000 1000 1000 1000 1000 1000 1000 1000 1000 1000 1000 1000
 1: 1000 1000 1000 1000 1000 1000 1000 1000 1000 1000 1000 1000 1000 1000 1000 1000
 1: 1000 1000 1000 1000 1000 1000 1000 1000 1000 1000 1000 1000 1000 1000 1000 1000
 1: 1000 1000 1000 1000 1000 1000 1000 1000 1000 1000 1000 1000 1000 1000 1000 1000
 1: 1000 1000 1000 1000 1000 1000 1000 1000 1000 1000 1000 1000 1000 1000 1000 1000
 1: 1000 1000 1000 1000 1000 1000 1000 1000 1000 1000 1000 1000 1000 1000 1000 1000
 1: 1000 1000 1000 1000 1000 1000 1000 1000 1000 1000 1000 1000 1000 1000 1000 1000
 1: 1000 1000 1000 1000 1000 1000 1000 1000 1000 1000 1000 1000 1000 1000 1000 1000
 1: 1000 1000 1000 1000 1000 1000 1000 1000 1000 1000 1000 1000 1000 1000 1000 1000
 1: 1000 1000 1000 1000 1000 1000 1000 1000 1000 1000 1000 1000 1000 1000 1000 1000
 1: 1000 1000 1000 1000 1000 1000 1000 1000 1000 1000 1000 1000 1000 1000 1000 1000
 1: 1000 1000 1000 1000 1000 1000 1000 1000 1000 1000 1000 1000 1000 1000 1000 1000
 1: 1000 1000 1000 1000 1000 1000 1000 1000 1000 1000 1000 1000 1000 1000 1000 1000
 1: 1000 1000 1000 1000 1000 1000 1000 1000 1000 1000 1000 1000 1000 1000 1000 1000
 1: 1000 1000 1000 1000 1000 1000 1000 1000 1000 1000 1000 1000 1000 1000 1000 1000
 1: 1000 1000 1000 1000 1000 1000 1000 1000 1000 1000 1000 1000 1000 1000 1000 1000
 1: 1000 1000 1000 1000 1000 1000 1000 1000 1000 1000 1000 1000 1000 1000 1000 1000
 1: 1000 1000 1000 1000 1000 1000 1000 1000 1000 1000 1000 1000 1000 1000 1000 1000
 1: 1000 1000 1000 1000 1000 1000 1000 1000 1000 1000 1000 1000 1000 1000 1000 1000
 1: 1000 1000 1000 1000 1000 1000 1000 1000 1000 1000 1000 1000 1000 1000 1000 1000
 1: 1000 1000 1000 1000 1000 1000 1000 1000 1000 1000 1000 1000 1000 1000 1000 1000
 1: 1000 1000 1000 1000 1000 1000 1000 1000 1000 1000 1000 1000 1000 1000 1000 1000
 1: 1000 1000 1000 1000 1000 1000 1000 1000 1000 1000 1000 1000 1000 1000 1000 1000
 1: 1000 1000 1000 1000 1000 1000 1000 1000 1000 1000 1000 1000 1000 1000 1000 1000
 1: 1000 1000 1000 1000 1000 1000 1000 1000 1000 1000 1000 1000 1000 1000 1000 1000
 1: 1000 1000 1000 1000 1000 1000 1000 1000 1000 1000 1000 1000 1000 1000 1000 1000
 1: 1000 1000 1000 1000 1000 1000 1000 1000 1000 1000 1000 1000 1000 1000 1000 1000
 1: 1000 1000 1000 1000 1000 1000 1000 1000 1000 1000 1000 1000 1000 1000 1000 1000
 1: 1000 1000 1000 1000 1000 1000 1000 1000 1000 1000 1000 1000 1000 1000 1000 1000
 1: 1000 1000 1000 1000 1000 1000 1000 1000 1000 1000 1000 1000 1000 1000 1000 1000
 1: 1000 1000 1000 1000 1000 1000 1000 1000 1000 1000 1000 1000 1000 1000 1000 1000
 1: 1000 1000 1000 1000 1000 1000 1000 1000 1000 1000 1000 1000 1000 1000 1000 1000
 1: 1000 1000 1000 1000 1000 1000 1000 1000 1000 1000 1000 1000 1000 1000 1000 1000
 1: 1000 1000 1000 1000 1000 1000 1000 1000 1000 1000 1000 1000 1000 1000 1000 1000
 1: 1000 1000 1000 1000 1000 1000 1000 1000 1000 1000 1000 1000 1000 1000 1000 1000
 1: 1000 1000 1000 1000 1000 1000 1000 1000 1000 1000 1000 1000 1000 1000 1000 1000
 1: 1000 1000 1000 1000 1000 1000 1000 1000 1000 1000 1000 1000 1000 1000 1000 1000
 1: 1000 1000 1000 1000 1000 1000 1000 1000 1000 1000 1000 1000 1000 1000 1000 1000
 1: 1000 1000 1000 1000 1000 1000 1000 1000 1000 1000 1000 1000 1000 1000 1000 1000
 1: 1000 1000 1000 1000 1000 1000 1000 1000 1000 1000 1000 1000 1000 1000 1000 1000
 1: 1000 1000 1000 1000 1000 1000 1000 1000 1000 1000 1000 1000 1000 1000 1000 1000
 1: 1000 1000 1000 1000 1000 1000 1000 1000 1000 1000 1000 1000 1000 1000 1000 1000
 1: 1000 1000 1000 1000 1000 1000 1000 1000 1000 1000 1000 1000 1000 1000 1000 1000
 1: 1000 1000 1000 1000 1000 1000 1000 1000 1000 1000 1000 1000 1000 1000 1000 1000
 1: 1000 1000 1000 1000 1000 1000 1000 1000 1000 1000 1000 1000 1000 1000 1000 1000
 1: 1000 1000 1000 1000 1000 1000 1000 1000 1000 1000 1000 1000 1000 1000 1000 1000
 1: 1000 1000 1000 1000 1000 1000 1000 1000 1000 1000 1000 1000 1000 1000 1000 1000
 1: 1000 1000 1000 1000 1000 1000 1000 1000 1000 1000 1000 1000 1000 1000 1000 1000
 1: 1000 1000 1000 1000 1000 1000 1000 1000 1000 1000 1000 1000 1000 1000 1000 1000
 1: 1000 1000 1000 1000 1000 1000 1000 1000 1000 1000 1000 1000 1000 1000 1000 1000
 1: 1000 1000 1000 1000 1000 1000 1000 1000 1000 1000 1000 1000 1000 1000 1000 1000
 1: 1000 1000 1000 1000 1000 1000 1000 1000 1000 1000 1000 1000 1000 1000 1000 1000
 1: 1000 1000 1000 1000 1000 1000 1000 1000 1000 1000 1000 1000 1000 1000 1000 1000
 1: 1000 1000 1000 1000 1000 1000 1000 1000 1000 1000 1000 1000 1000 1000 1000 1000
 1: 1000 1000 1000 1000 1000 1000 1000 1000 1000 1000 1000 1000 1000 1000 1000 1000
 1: 1000 1000 1000 1000 1000 1000 1000 1000 1000 1000 1000 1000 1000 1000 1000 1000
 1: 1000 1000 1000 1000 1000 1000 1000 1000 1000 1000 1000 1000 1000 1000 1000 1000
 1: 1000 1000 1000 1000 1000 1000 1000 1000 1000 1000 1000 1000 1000 1000 1000 1000
 1: 1000 1000 1000 1000 1000 1000 1000 1000 1000 1000 1000 1000 1000 1000 1000 1000
 1: 1000 1000 1000 1000 1000 1000 1000 1000 1000 1000 1000 1000 1000 1000 1000 1000
 1: 1000 1000 1000 1000 1000 1000 1000 1000 1000 1000 1000 1000 1000 1000 1000 1000
 1: 1000 1000 1000 1000 1000 1000 1000 1000 1000 1000 1000 1000 1000 1000 1000 1000
 1: 1000 1000 1000 1000 1000 1000 1000 1000 1000 1000 1000 1000 1000 1000 1000 1000
 1: 1000 1000 1000 1000 1000 1000 1000 1000 1000 1000 1000 1000 1000 1000 1000 1000
 1: 1000 1000 1000 1000 1000 1000 1000 1000 1000 1000 1000 1000 1000 1000 1000 1000
 1: 1000 1000 1000 1000 1000 1000 1000 1000 1000 1000 1000 1000 1000 1000 1000 1000
 1: 1000 1000 1000 1000 1000 1000 1000 1000 1000 1000 1000 1000 1000 1000 1000 1000
 1: 1000 1000 1000 1000 1000 1000 1000 1000 1000 1000 1000 1000 1000 1000 1000 1000
 1: 1000 1000 1000 1000 1000 1000 1000 1000 1000 1000 1000 1000 1000 1000 1000 1000
 1: 1000 1000 1000 1000 1000 1000 1000 1000 1000 1000 1000 1000 1000 1000 1000 1000
 1: 1000 1000 1000 1000 1000 1000 1000 1000 1000 1000 1000 1000 1000 1000 1000 1000
 1: 1000 1000 1000 1000 1000 1000 1000 1000 1000 1000 1000 1000 1000 1000 1000 1000
 1: 1000 1000 1000 1000 1000 1000 1000 1000 1000 1000 1000 1000 1000 1000 1000 1000
 1: 1000 1000 1000 1000 1000 1000 1000 1000 1000 1000 1000 1000 1000 1000 1000 1000
 1: 1000 1000 1000 1000 1000 1000 1000 1000 1000 1000 1000 1000 1000 1000 1000 1000
 1: 1000 1000 1000 1000 1000 1000 1000 1000 1000 1000 1000 1000 1000 1000 1000 1000
 1: 1000 1000 1000 1000 1000 1000 1000 1000 1000 1000 1000 1000 1000 1000 1000 1000
 1: 1000 1000 1000 1000 1000 1000 1000 1000 1000 1000 1000 1000 1000 1000 1000 1000
 1: 1000 1000 1000 1000 1000 1000 1000 1000 1000 1000 1000 1000 1000 1000 1000 1000
 1: 1000 1000 1000 1000 1000 1000 1000 1000 1000 1000 1000 1000 1000 1000 1000 1000
 1: 1000 1000 1000 1000 1000 1000 1000 1000 1000 1000 1000 1000 1000 1000 1000 1000
 1: 1000 1000 1000 1000 1000 1000 1000 1000 1000 1000 1000 1000 1000 1000 1000 1000
 1: 1000 1000 1000 1000 1000 1000 1000 1000 1000 1000 1000 1000 1000 1000 1000 1000
 1: 1000 1000 1000 1000 1000 1000 1000 1000 1000 1000 1000 1000 1000 1000 1000 1000
 1: 1000 1000 1000 1000 1000 1000 1000 1000 1000 1000 1000 1000 1000 1000 1000 1000
 1: 1000 1000 1000 1000 1000 1000 1000 1000 1000 1000 1000 1000 1000 1000 1000 1000
 1: 1000 1000 1000 1000 1000 1000 1000 1000 1000 1000 1000 1000 1000 1000 1000 1000
 1: 1000 1000 1000 1000 1000 1000 1000 1000 1000 1000 1000 1000 1000 1000 1000 1000
 1: 1000 1000 1000 1000 1000 1000 1000 1000 1000 1000 1000 1000 1000 1000 1000 1000
 1: 1000 1000 1000 1000 1000 1000 1000 1000 1000 1000 1000 1000 1000 1000 1000 1000
 1: 1000 1000 1000 1000 1000 1000 1000 1000 1000 1000 1000 1000 1000 1000 1000 1000
 1: 1000 1000 1000 1000 1000 1000 1000 1000 1000 1000 1000 1000 1000 1000 1000 1000
 1: 1000 1000 1000 1000 1000 1000 1000 1000 1000 1000 1000 1000 1000 1000 1000 1000
 1: 1000 1000 1000 1000 1000 1000 1000 1000 1000 1000 1000 1000 1000 1000 1000 1000
 1: 1000 1000 1000 1000 1000 1000 1000 1000 1000 1000 1000 1000 1000 1000 1000 1000
 1: 1000 1000 1000 1000 1000 1000 1000 1000 1000 1000 1000 1000 1000 1000 1000 1000
 1: 1000 1000 1000 1000 1000 1000 1000 1000 1000 1000 1000 1000 1000 1000 1000 1000
 1: 1000 1000 1000 1000 1000 1000 1000 1000 1000 1000 1000 1000 1000 1000 1000 1000
 1: 1000 1000 1000 1000 1000 1000 1000 1000 1000 1000 1000 1000 1000 1000 1000 1000
 1: 1000 1000 1000 1000 1000 1000 1000 1000 1000 1000 1000 1000 1000 1000 1000 1000
 1: 1000 1000 1000 1000 1000 1000 1000 1000 1000 1000 1000 1000 1000 1000 1000 1000
 1: 1000 1000 1000 1000 1000 1000 1000 1000 1000 1000 1000 1000 1000 1000 1000 1000
 1: 1000 1000 1000 1000 1000 1000 1000 1000 1000 1000 1000 1000 1000 1000 1000 1000
 1: 1000 1000 1000 1000 1000 1000 1000 1000 1000 1000 1000 1000 1000 1000 1000 1000
 1: 1000 1000 1000 1000 1000 1000 1000 1000 1000 1000 1000 1000 1000 1000 1000 1000
 1: 1000 1000 1000 1000 1000 1000 1000 1000 1000 1000 1000 1000 1000 1000 1000 1000
 1: 1000 1000 1000 1000 1000 1000 1000 1000 1000 1000 1000 1000 1000 1000 1000 1000
 1: 1000 1000 1000 1000 1000 1000 1000 1000 1000 1000 1000 1000 1000 1000 1000 1000
 1: 1000 1000 1000 1000 1000 1000 1000 1000 1000 1000 1000 1000 1000 1000 1000 1000
 1: 1000 1000 1000 1000 1000 1000 1000 1000 1000 1000 1000 1000 1000 1000 1000 1000
 1: 1000 1000 1000 1000 1000 1000 1000 1000 1000 1000 1000 1000 1000 1000 1000 1000
 1: 1000 1000 1000 1000 1000 1000 1000 1000 1000 1000 1000 1000 1000 1000 1000 1000
 1: 1000 1000 1000 1000 1000 1000 1000 1000 1000 1000 1000 1000 1000 1000 1000 1000
 1: 1000 1000 1000 1000 1000 1000 1000 1000 1000 1000 1000 1000 1000 1000 1000 1000
 1: 1000 1000 1000 1000 1000 1000 1000 1000 1000 1000 1000 1000 1000 1000 1000 1000
 1: 1000 1000 1000 1000 1000 1000 1000 1000 1000 1000 1000 1000 1000 1000 1000 1000
 1: 1000 1000 1000 1000 1000 1000 1000 1000 1000 1000 1000 1000 1000 1000 1000 1000
 1: 1000 1000 1000 1000 1000 1000 1000 1000 1000 1000 1000 1000 1000 1000 1000 1000
 1: 1000 1000 1000 1000 1000 1000 1000 1000 1000 1000 1000 1000 1000 1000 1000 1000
 1: 1000 1000 1000 1000 1000 1000 1000 1000 1000 1000 1000 1000 1000 1000 1000 1000
 1: 1000 1000 1000 1000 1000 1000 1000 1000 1000 1000 1000 1000 1000 1000 1000 1000
 1: 1000 1000 1000 1000 1000 1000 1000 1000 1000 1000 1000 1000 1000 1000 1000 1000
 1: 1000 1000 1000 1000 1000 1000 1000 1000 1000 1000 1000 1000 1000 1000 1000 1000
 1: 1000 1000 1000 1000 1000 1000 1000 1000 1000 1000 1000 1000 1000 1000 1000 1000
 1: 1000 1000 1000 1000 1000 1000 1000 1000 1000 1000 1000 1000 1000 1000 1000 1000
 1: 1000 1000 1000 1000 1000 1000 1000 1000 1000 1000 1000 1000 1000 1000 1000 1000
 1: 1000 1000 1000 1000 1000 1000 1000 1000 1000 1000 1000 1000 1000 1000 1000 1000
 1: 1000 1000 1000 1000 1000 1000 1000 1000 1000 1000 1000 1000 1000 1000 1000 1000
 1: 1000 1000 1000 1000 1000 1000 1000 1000 1000 1000 1000 1000 1000 1000 1000 1000
 1: 1000 1000 1000 1000 1000 1000 1000 1000 1000 1000 1000 1000 1000 1000 1000 1000
 1: 1000 1000 1000 1000 1000 1000 1000 1000 1000 1000 1000 1000 1000 1000 1000 1000
 1: 1000 1000 1000 1000 1000 1000 1000 1000 1000 1000 1000 1000 1000 1000 1000 1000
 1: 1000 1000 1000 1000
 1: /
 1: 

 ******** END OF INCLUDED FILE 

 0: 
 0: INCLUDE

 ******** START OF INCLUDED FILE black_oil_gpro.inc                                                                                                                  

 1: --
 1: -- -----------------------------------------------------------------------------
 1: -- Office Grid Properties (GRDPROP) Data Section Version 2013.1 Jun 14 2013
 1: -- -----------------------------------------------------------------------------
 1: --
 1: -- File: black_oil_gpro.inc
 1: -- Created on: Oct-18-2016 at: 15:19:18
 1: --
 1: -- *****************************************************************************
 1: -- *                                  WARNING                                  *
 1: -- *                THIS FILE HAS BEEN AUTOMATICALLY GENERATED.                *
 1: -- *          ANY ATTEMPT TO EDIT MANUALLY MAY RESULT IN INVALID DATA.         *
 1: -- *****************************************************************************
 1: --
 1: --*BOX panel edit: PORO set equal to 0.2 for box (1:50, 1:50, 1:1)
 1: EQUALS
 1: PORO 0.2 /
 1: /
 1: 
 1: --*BOX panel edit: PERMX set equal to 50 mD for box (1:50, 1:50, 1:1)
 1: EQUALS
 1: PERMX 50 /
 1: /
 1: 
 1: --*BOX panel edit: PERMY set equal to 50 mD for box (1:50, 1:50, 1:1)
 1: EQUALS
 1: PERMY 50 /
 1: /
 1: 
 1: --*BOX panel edit: PERMZ set equal to 50 mD for box (1:50, 1:50, 1:1)
 1: EQUALS
 1: PERMZ 50 /
 1: /
 1: 

 ******** END OF INCLUDED FILE 

 0: 
 0: 
 0: PROPS
 0: 
 0: INCLUDE

 ******** START OF INCLUDED FILE black_oil_pvt.inc                                                                                                                   

 1: --
 1: -- -----------------------------------------------------------------------------
 1: -- Office PVTN (PVTN) Data Section Version 2013.1 Jun 14 2013
 1: -- -----------------------------------------------------------------------------
 1: --
 1: -- File: black_oil_pvt.inc
 1: -- Created on: Oct-18-2016 at: 16:28:18
 1: --
 1: -- *****************************************************************************
 1: -- *                                  WARNING                                  *
 1: -- *                THIS FILE HAS BEEN AUTOMATICALLY GENERATED.                *
 1: -- *          ANY ATTEMPT TO EDIT MANUALLY MAY RESULT IN INVALID DATA.         *
 1: -- *****************************************************************************
 1: --
 1: -- OFFICE-PVTN-HEADER-DATA
 1: -- Off PVTN PVT Tables:          1          1
 1: -- Off PVTN  "PVT 1"
 1: -- Off PVTN Rock Tables:          1          1
 1: -- Off PVTN  "Rock Compact 1"
 1: ECHO
 1: DENSITY
 1: --
 1: -- Fluid Densities at Surface Conditions
 1: --
 1:        63.02        45    0.0702
 1: /
 1: 
 1: PVTW
 1: --
 1: -- Water PVT Properties
 1: --
 1:         3600   1.00341    0.0004   0.52341  1.2e-006
 1: /
 1: 
 1: PVDG
 1: --
 1: -- Dry Gas PVT Properties (No Vapourised Oil)
 1: --
 1:          400       5.9     0.013
 1:          800      2.95    0.0135
 1:         1200      1.96     0.014
 1:         1600      1.47    0.0145
 1:         2000      1.18     0.015
 1:         2400      0.98    0.0155
 1:         2800      0.84     0.016
 1:         3200      0.74    0.0165
 1:         3600      0.65     0.017
 1:         4000      0.59    0.0175
 1:         4400      0.54     0.018
 1:         4800      0.49    0.0185
 1:         5200      0.45     0.019
 1:         5600      0.42    0.0195
 1: /
 1: 
 1: PVTO
 1: --
 1: -- Live Oil PVT Properties (Dissolved Gas)
 1: --
 1:          0.165       400     1.012      1.17 /
 1:          0.335       800    1.0255      1.14 /
 1:            0.5      1200     1.038      1.11 /
 1:          0.665      1600     1.051      1.08 /
 1:          0.828      2000     1.063      1.06 /
 1:          0.985      2400     1.075      1.03 /
 1:           1.13      2800     1.087         1 /
 1:           1.27      3200    1.0985      0.98 /
 1:           1.39      3600      1.11      0.95 /
 1:            1.5      4000      1.12      0.94 /
 1:            1.6      4400      1.13      0.92
 1:                     4800    1.1255      0.92
 1:                     5200     1.121      0.92
 1:                     5600    1.1165      0.92 /
 1: /
 1: 
 1: ECHO
 1: ROCK
 1: --
 1: -- Rock Properties
 1: --
 1:         4000  3.4e-004
 1: /
 1: 

 ******** END OF INCLUDED FILE 

 0: 
 0: INCLUDE

 ******** START OF INCLUDED FILE black_oil_scal.inc                                                                                                                  

 1: --
 1: -- -----------------------------------------------------------------------------
 1: -- Office SCAL (SCAL) Data Section Version 2013.1 Jun 14 2013
 1: -- -----------------------------------------------------------------------------
 1: --
 1: -- File: black_oil_scal.inc
 1: -- Created on: Oct-18-2016 at: 16:15:07
 1: --
 1: -- *****************************************************************************
 1: -- *                                  WARNING                                  *
 1: -- *                THIS FILE HAS BEEN AUTOMATICALLY GENERATED.                *
 1: -- *          ANY ATTEMPT TO EDIT MANUALLY MAY RESULT IN INVALID DATA.         *
 1: -- *****************************************************************************
 1: --
 1: -- OFFICE-SCAL-HEADER-DATA
 1: -- Off SCAL Saturation Tables:          1          1
 1: -- Off SCAL  "Saturation 1"
 1: -- Off SCAL End Point Tables:          1          1
 1: -- Off SCAL  "End Points 1"
 1: -- Off SCAL Petro Elastic Tables:          1          1
 1: -- Off SCAL  "Petro-elastic 1"
 1: ECHO
 1: --
 1: -- Stone's Relative Permeability Model 2
 1: --
 1: ECHO
 1: STONE2
 1: 
 1: SGOF
 1: --
 1: -- Gas/Oil Saturation Functions
 1: --
 1:  0.0	0.0	1.0	0.0
 1: 0.04	0.0016 0.85	0.2	
 1: 0.1	0.022	0.6	0.5	
 1: 0.2	0.04	0.33	1.0
 1: 0.3	0.09	0.1	1.5	
 1: 0.4	0.16	0.02	2.0
 1: 0.5	0.35	0.0	2.5
 1: 0.6	0.42	0.0	3.0
 1: 0.7	0.64	0.0	3.5
 1: 0.8	0.81	0.0	4.0
 1: 0.9	0.91	0.0	15.0
 1: 1.0	1.0	0.0	35.0
 1: /
 1: 
 1: SWOF
 1: --
 1: -- Water / oil saturation functions versus water saturation
 1: --
 1: 0.2	0.0	1.0	10.0
 1: 0.22	0.0484	0.7	7.0
 1: 0.3	0.09	0.4	4.0
 1: 0.4	0.16	0.125	3.0
 1: 0.6	0.36	0.0649	2.0
 1: 0.8	0.64	0.0048	1.0
 1: 0.9	0.83	0.0	0.7
 1: 1.0	1.0	0.0	0.0
 1: /
 1: 

 ******** END OF INCLUDED FILE 

 0: 
 0: 
 0: REGIONS
 0: 
 0: INCLUDE

 ******** START OF INCLUDED FILE black_oil_reg.inc                                                                                                                   

 1: --
 1: -- -----------------------------------------------------------------------------
 1: -- Office REG (REG) Data Section Version 2013.1 Jun 14 2013
 1: -- -----------------------------------------------------------------------------
 1: --
 1: -- File: black_oil_reg.inc
 1: -- Created on: 18-Oct-2016 at: 21:44:36
 1: --
 1: -- *****************************************************************************
 1: -- *                                  WARNING                                  *
 1: -- *                THIS FILE HAS BEEN AUTOMATICALLY GENERATED.                *
 1: -- *          ANY ATTEMPT TO EDIT MANUALLY MAY RESULT IN INVALID DATA.         *
 1: -- *****************************************************************************
 1: --
 1: -- OFFICE-REGION-HEADER-DATA
 1: --
 1: -- Off REG Regions:          0
 1: --
 1: -- -----------------------------------------------------------------------------
 1: -- Office REG Keywords
 1: -- -----------------------------------------------------------------------------
 1: --
 1: --

 ******** END OF INCLUDED FILE 

 0: 
 0: 
 0: SOLUTION
 0: 
 0: INCLUDE

 ******** START OF INCLUDED FILE black_oil_init.inc                                                                                                                  

 1: --
 1: -- -----------------------------------------------------------------------------
 1: -- Office INIT (INIT) Data Section Version 2013.1 Jun 14 2013
 1: -- -----------------------------------------------------------------------------
 1: --
 1: -- File: black_oil_init.inc
 1: -- Created on: 18-Oct-2016 at: 21:44:35
 1: --
 1: -- *****************************************************************************
 1: -- *                                  WARNING                                  *
 1: -- *                THIS FILE HAS BEEN AUTOMATICALLY GENERATED.                *
 1: -- *          ANY ATTEMPT TO EDIT MANUALLY MAY RESULT IN INVALID DATA.         *
 1: -- *****************************************************************************
 1: --
 1: -- OFFICE-INIT-HEADER-DATA
 1: --
 1: --
 1: -- -----------------------------------------------------------------------------
 1: -- Office INIT Keywords
 1: -- -----------------------------------------------------------------------------
 1: --
 1: ECHO
 1: --*BOX panel edit: RS set equal to 1.1 Mscf /stb for box (1:50, 1:50, 1:1)
 1: RS
 1: 2500*1.60/
 1: --*BOX panel edit: PRESSURE set equal to 4000 psia for box (1:50, 1:50, 1:1)
 1: PRESSURE
 1: 2500*4400.0 /
 1: --*BOX panel edit: SGAS set equal to 0.25 for box (1:50, 1:50, 1:1)
 1: SGAS
 1: 2500*0.0001/
 1: 
 1: --*BOX panel edit: SWAT set equal to 0.25 for box (1:50, 1:50, 1:1)
 1: SWAT
 1: 2500*0.25/
 1: 

 ******** END OF INCLUDED FILE 

 0: 
 0: 
 0: SUMMARY
 0: 
 0: INCLUDE

 ******** START OF INCLUDED FILE black_oil_sum.inc                                                                                                                   

 1: --
 1: -- -----------------------------------------------------------------------------
 1: -- Office Summary (SUM) Data Section Version 2013.1 Jun 14 2013
 1: -- -----------------------------------------------------------------------------
 1: --
 1: -- File: black_oil_sum.inc
 1: -- Created on: Oct-18-2016 at: 21:34:20
 1: --
 1: -- *****************************************************************************
 1: -- *                                  WARNING                                  *
 1: -- *                THIS FILE HAS BEEN AUTOMATICALLY GENERATED.                *
 1: -- *          ANY ATTEMPT TO EDIT MANUALLY MAY RESULT IN INVALID DATA.         *
 1: -- *****************************************************************************
 1: --
 1: WBHP
 1: 'INJ' /
 1: WGPR
 1: 'PROD' /
 1: WOPR
 1: 'PROD' /
 1: WWPR
 1: 'PROD' /
 1: --
 1: -- -----------------------------------------------------------------------------
 1: -- End of Office Summary (SUM) Data Section
 1: -- -----------------------------------------------------------------------------
 1: --

 ******** END OF INCLUDED FILE 

 0: 
 0: 
 0: SCHEDULE
 0: 
 0: INCLUDE

 ******** START OF INCLUDED FILE black_oil_sch.inc                                                                                                                   

 1: --
 1: -- -----------------------------------------------------------------------------
 1: -- Office Schedule (SCHED) Data Section Version 2013.1 Jun 14 2013
 1: -- -----------------------------------------------------------------------------
 1: --
 1: -- File: black_oil_sch.inc
 1: -- Created on: 18-Oct-2016 at: 22:06:08
 1: --
 1: -- *****************************************************************************
 1: -- *                                  WARNING                                  *
 1: -- *                THIS FILE HAS BEEN AUTOMATICALLY GENERATED.                *
 1: -- *          ANY ATTEMPT TO EDIT MANUALLY MAY RESULT IN INVALID DATA.         *
 1: -- *****************************************************************************
 1: --
 1: -- Off SCHED Units: "FIELD"
 1: -- Off SCHED Wells:          2
 1: -- Off SCHED Well: 1 1 1 100 10 0 1
 1: -- Off SCHED Name: "PROD" ""
 1: -- Off SCHED Completion: 1 1 1 1
 1: -- Off SCHED LGR:""
 1: -- Off SCHED Compdat: 0.5 -9.9999999e+032
 1: -- Off SCHED Well: 2 50 50 100 1 0 1
 1: -- Off SCHED Name: "INJ" ""
 1: -- Off SCHED Completion: 1 50 50 1
 1: -- Off SCHED LGR:""
 1: -- Off SCHED Compdat: 0.5 -9.9999999e+032
 1: -- Off SCHED Groups:          1
 1: -- Off SCHED Group: "1"
 1: -- Off SCHED Times:        101
 1: -- Off SCHED Date: 1 1 1983 0
 1: -- Off SCHED Time: 0 0
 1: -- Off SCHED Date: 31 1 1983 0
 1: -- Off SCHED Time: 30 30
 1: -- Off SCHED Date: 2 3 1983 0
 1: -- Off SCHED Time: 30 60
 1: -- Off SCHED Date: 1 4 1983 0
 1: -- Off SCHED Time: 30 90
 1: -- Off SCHED Date: 1 5 1983 0
 1: -- Off SCHED Time: 30 120
 1: -- Off SCHED Date: 31 5 1983 0
 1: -- Off SCHED Time: 30 150
 1: -- Off SCHED Date: 30 6 1983 0
 1: -- Off SCHED Time: 30 180
 1: -- Off SCHED Date: 30 7 1983 0
 1: -- Off SCHED Time: 30 210
 1: -- Off SCHED Date: 29 8 1983 0
 1: -- Off SCHED Time: 30 240
 1: -- Off SCHED Date: 28 9 1983 0
 1: -- Off SCHED Time: 30 270
 1: -- Off SCHED Date: 28 10 1983 0
 1: -- Off SCHED Time: 30 300
 1: -- Off SCHED Date: 27 11 1983 0
 1: -- Off SCHED Time: 30 330
 1: -- Off SCHED Date: 27 12 1983 0
 1: -- Off SCHED Time: 30 360
 1: -- Off SCHED Date: 26 1 1984 0
 1: -- Off SCHED Time: 30 390
 1: -- Off SCHED Date: 25 2 1984 0
 1: -- Off SCHED Time: 30 420
 1: -- Off SCHED Date: 26 3 1984 0
 1: -- Off SCHED Time: 30 450
 1: -- Off SCHED Date: 25 4 1984 0
 1: -- Off SCHED Time: 30 480
 1: -- Off SCHED Date: 25 5 1984 0
 1: -- Off SCHED Time: 30 510
 1: -- Off SCHED Date: 24 6 1984 0
 1: -- Off SCHED Time: 30 540
 1: -- Off SCHED Date: 24 7 1984 0
 1: -- Off SCHED Time: 30 570
 1: -- Off SCHED Date: 23 8 1984 0
 1: -- Off SCHED Time: 30 600
 1: -- Off SCHED Date: 22 9 1984 0
 1: -- Off SCHED Time: 30 630
 1: -- Off SCHED Date: 22 10 1984 0
 1: -- Off SCHED Time: 30 660
 1: -- Off SCHED Date: 21 11 1984 0
 1: -- Off SCHED Time: 30 690
 1: -- Off SCHED Date: 21 12 1984 0
 1: -- Off SCHED Time: 30 720
 1: -- Off SCHED Date: 20 1 1985 0
 1: -- Off SCHED Time: 30 750
 1: -- Off SCHED Date: 19 2 1985 0
 1: -- Off SCHED Time: 30 780
 1: -- Off SCHED Date: 21 3 1985 0
 1: -- Off SCHED Time: 30 810
 1: -- Off SCHED Date: 20 4 1985 0
 1: -- Off SCHED Time: 30 840
 1: -- Off SCHED Date: 20 5 1985 0
 1: -- Off SCHED Time: 30 870
 1: -- Off SCHED Date: 19 6 1985 0
 1: -- Off SCHED Time: 30 900
 1: -- Off SCHED Date: 19 7 1985 0
 1: -- Off SCHED Time: 30 930
 1: -- Off SCHED Date: 18 8 1985 0
 1: -- Off SCHED Time: 30 960
 1: -- Off SCHED Date: 17 9 1985 0
 1: -- Off SCHED Time: 30 990
 1: -- Off SCHED Date: 17 10 1985 0
 1: -- Off SCHED Time: 30 1020
 1: -- Off SCHED Date: 16 11 1985 0
 1: -- Off SCHED Time: 30 1050
 1: -- Off SCHED Date: 16 12 1985 0
 1: -- Off SCHED Time: 30 1080
 1: -- Off SCHED Date: 15 1 1986 0
 1: -- Off SCHED Time: 30 1110
 1: -- Off SCHED Date: 14 2 1986 0
 1: -- Off SCHED Time: 30 1140
 1: -- Off SCHED Date: 16 3 1986 0
 1: -- Off SCHED Time: 30 1170
 1: -- Off SCHED Date: 15 4 1986 0
 1: -- Off SCHED Time: 30 1200
 1: -- Off SCHED Date: 15 5 1986 0
 1: -- Off SCHED Time: 30 1230
 1: -- Off SCHED Date: 14 6 1986 0
 1: -- Off SCHED Time: 30 1260
 1: -- Off SCHED Date: 14 7 1986 0
 1: -- Off SCHED Time: 30 1290
 1: -- Off SCHED Date: 13 8 1986 0
 1: -- Off SCHED Time: 30 1320
 1: -- Off SCHED Date: 12 9 1986 0
 1: -- Off SCHED Time: 30 1350
 1: -- Off SCHED Date: 12 10 1986 0
 1: -- Off SCHED Time: 30 1380
 1: -- Off SCHED Date: 11 11 1986 0
 1: -- Off SCHED Time: 30 1410
 1: -- Off SCHED Date: 11 12 1986 0
 1: -- Off SCHED Time: 30 1440
 1: -- Off SCHED Date: 10 1 1987 0
 1: -- Off SCHED Time: 30 1470
 1: -- Off SCHED Date: 9 2 1987 0
 1: -- Off SCHED Time: 30 1500
 1: -- Off SCHED Date: 11 3 1987 0
 1: -- Off SCHED Time: 30 1530
 1: -- Off SCHED Date: 10 4 1987 0
 1: -- Off SCHED Time: 30 1560
 1: -- Off SCHED Date: 10 5 1987 0
 1: -- Off SCHED Time: 30 1590
 1: -- Off SCHED Date: 9 6 1987 0
 1: -- Off SCHED Time: 30 1620
 1: -- Off SCHED Date: 9 7 1987 0
 1: -- Off SCHED Time: 30 1650
 1: -- Off SCHED Date: 8 8 1987 0
 1: -- Off SCHED Time: 30 1680
 1: -- Off SCHED Date: 7 9 1987 0
 1: -- Off SCHED Time: 30 1710
 1: -- Off SCHED Date: 7 10 1987 0
 1: -- Off SCHED Time: 30 1740
 1: -- Off SCHED Date: 6 11 1987 0
 1: -- Off SCHED Time: 30 1770
 1: -- Off SCHED Date: 6 12 1987 0
 1: -- Off SCHED Time: 30 1800
 1: -- Off SCHED Date: 5 1 1988 0
 1: -- Off SCHED Time: 30 1830
 1: -- Off SCHED Date: 4 2 1988 0
 1: -- Off SCHED Time: 30 1860
 1: -- Off SCHED Date: 5 3 1988 0
 1: -- Off SCHED Time: 30 1890
 1: -- Off SCHED Date: 4 4 1988 0
 1: -- Off SCHED Time: 30 1920
 1: -- Off SCHED Date: 4 5 1988 0
 1: -- Off SCHED Time: 30 1950
 1: -- Off SCHED Date: 3 6 1988 0
 1: -- Off SCHED Time: 30 1980
 1: -- Off SCHED Date: 3 7 1988 0
 1: -- Off SCHED Time: 30 2010
 1: -- Off SCHED Date: 2 8 1988 0
 1: -- Off SCHED Time: 30 2040
 1: -- Off SCHED Date: 1 9 1988 0
 1: -- Off SCHED Time: 30 2070
 1: -- Off SCHED Date: 1 10 1988 0
 1: -- Off SCHED Time: 30 2100
 1: -- Off SCHED Date: 31 10 1988 0
 1: -- Off SCHED Time: 30 2130
 1: -- Off SCHED Date: 30 11 1988 0
 1: -- Off SCHED Time: 30 2160
 1: -- Off SCHED Date: 30 12 1988 0
 1: -- Off SCHED Time: 30 2190
 1: -- Off SCHED Date: 29 1 1989 0
 1: -- Off SCHED Time: 30 2220
 1: -- Off SCHED Date: 28 2 1989 0
 1: -- Off SCHED Time: 30 2250
 1: -- Off SCHED Date: 30 3 1989 0
 1: -- Off SCHED Time: 30 2280
 1: -- Off SCHED Date: 29 4 1989 0
 1: -- Off SCHED Time: 30 2310
 1: -- Off SCHED Date: 29 5 1989 0
 1: -- Off SCHED Time: 30 2340
 1: -- Off SCHED Date: 28 6 1989 0
 1: -- Off SCHED Time: 30 2370
 1: -- Off SCHED Date: 28 7 1989 0
 1: -- Off SCHED Time: 30 2400
 1: -- Off SCHED Date: 27 8 1989 0
 1: -- Off SCHED Time: 30 2430
 1: -- Off SCHED Date: 26 9 1989 0
 1: -- Off SCHED Time: 30 2460
 1: -- Off SCHED Date: 26 10 1989 0
 1: -- Off SCHED Time: 30 2490
 1: -- Off SCHED Date: 25 11 1989 0
 1: -- Off SCHED Time: 30 2520
 1: -- Off SCHED Date: 25 12 1989 0
 1: -- Off SCHED Time: 30 2550
 1: -- Off SCHED Date: 24 1 1990 0
 1: -- Off SCHED Time: 30 2580
 1: -- Off SCHED Date: 23 2 1990 0
 1: -- Off SCHED Time: 30 2610
 1: -- Off SCHED Date: 25 3 1990 0
 1: -- Off SCHED Time: 30 2640
 1: -- Off SCHED Date: 24 4 1990 0
 1: -- Off SCHED Time: 30 2670
 1: -- Off SCHED Date: 24 5 1990 0
 1: -- Off SCHED Time: 30 2700
 1: -- Off SCHED Date: 23 6 1990 0
 1: -- Off SCHED Time: 30 2730
 1: -- Off SCHED Date: 23 7 1990 0
 1: -- Off SCHED Time: 30 2760
 1: -- Off SCHED Date: 22 8 1990 0
 1: -- Off SCHED Time: 30 2790
 1: -- Off SCHED Date: 21 9 1990 0
 1: -- Off SCHED Time: 30 2820
 1: -- Off SCHED Date: 21 10 1990 0
 1: -- Off SCHED Time: 30 2850
 1: -- Off SCHED Date: 20 11 1990 0
 1: -- Off SCHED Time: 30 2880
 1: -- Off SCHED Date: 20 12 1990 0
 1: -- Off SCHED Time: 30 2910
 1: -- Off SCHED Date: 19 1 1991 0
 1: -- Off SCHED Time: 30 2940
 1: -- Off SCHED Date: 18 2 1991 0
 1: -- Off SCHED Time: 30 2970
 1: -- Off SCHED Date: 20 3 1991 0
 1: -- Off SCHED Time: 30 3000
 1: -- Off SCHED END: 20 3 1991
 1: 
 1: ECHO
 1: 
 1: WELSPECS
 1: 'PROD' '1' 25 25 1* 'OIL' 1* 'STD' 'SHUT' 'YES' 1* 'SEG' 3* 'STD' /
 1:  /
 1: 
 1: WELSPECS
 1: 'INJ' '1' 37 37 1* 'WATER' 1* 'STD' 'SHUT' 'YES' 1* 'SEG' 3* 'STD' /
 1:  /
 1: 
 1: WELSPECS
 1: 'INJ1' '1' 13 13 1* 'WATER' 1* 'STD' 'SHUT' 'YES' 1* 'SEG' 3* 'STD' /
 1:  /
 1: 
 1: 
 1: COMPDAT
 1: 'INJ' 2* 1 1 'OPEN' 2* 1 3* 'Z' 1* /
 1:  /
 1: COMPDAT
 1: 'INJ1' 2* 1 1 'OPEN' 2* 1 3* 'Z' 1* /
 1:  /
 1: 
 1: 
 1: COMPDAT
 1: 'PROD' 2* 1 1 'OPEN' 2* 1 3* 'Z' 1* /
 1:  /
 1: 
 1: WCONINJ
 1: 'INJ' 'GAS' 'STOP' 'RATE' 0 2* 'NONE' 100000 3* /
 1:  /
 1: 
 1: WCONINJ
 1: 'INJ1' 'GAS' 'STOP' 'RATE' 0 2* 'NONE' 100000 3* /
 1:  /
 1: 
 1: WCONPROD
 1: 'PROD' 'OPEN' 'BHP' 5* 2000 3* 6* 1* /
 1:  /
 1: 
 1: RPTRST
 1: NORST=2 /
 1: TSTEP
 1: 15*90 /
 1: WCONINJ
 1: 'INJ' 'WATER' 'OPEN' 'RATE' 200 2* 'NONE' 100000 3* /
 1:  /
 1: 
 1: WCONINJ
 1: 'INJ1' 'WATER' 'OPEN' 'RATE' 200 2* 'NONE' 100000 3* /
 1:  /
 1: 
 1: WCONPROD
 1: 'PROD' 'OPEN' 'BHP' 5* 2000 3* 6* 1* /
 1:  /
 1: TSTEP
 1: 15*90 /
 1: 

 ******** END OF INCLUDED FILE 

 0: 
 0: 
 0: END

 ******** END OF INPUT DATA FOR RUN BLACK_OIL_E100
     1 READING RUNSPEC 
     2 READING TITLE   
     3 READING START   
     4 READING FIELD   
     5 READING FMTIN   
     6 READING UNIFIN  
     7 READING FMTOUT  
     8 READING UNIFOUT 
     9 READING GAS     
    10 READING OIL     
    11 READING WATER   
    12 READING DISGAS  
    13 READING MONITOR 
    14 READING RSSPEC  
    15 READING NOINSPEC
    16 READING MSGFILE 
    17 READING DISPDIMS
    18 READING DIMENS  
    19 READING SCDPDIMS
    20 READING EQLDIMS 
    21 READING REGDIMS 
    22 READING TABDIMS 
    23 READING WELLDIMS
    24 READING GRID    

 @--MESSAGE  AT TIME        0.0   DAYS    ( 1-JAN-1983):
 @           CHECKING FOR LICENSES                                           

 @--MESSAGE  AT TIME        0.0   DAYS    ( 1-JAN-1983):
 @           THE MEMORY REQUIRED TO PROCESS THE GRID SECTION IS              
 @                 1240 KBYTES                                               
    26 READING GRIDFILE
    27 READING INCLUDE black_oil_gopp.inc                                
               END OF INCLUDE FILE 
    28 READING INCLUDE black_oil_ggo.inc                                 
    29 READING GRIDUNIT
    30 READING MAPAXES 
    31 READING ECHO    
    32 READING DX      
    33 READING DY      
    34 READING DZ      
    35 READING TOPS    
               END OF INCLUDE FILE 
    36 READING INCLUDE black_oil_gpro.inc                                
    37 READING EQUALS  
    38 READING EQUALS  
    39 READING EQUALS  
    40 READING EQUALS  
               END OF INCLUDE FILE 
    41 READING PROPS   

 @--MESSAGE  AT TIME        0.0   DAYS    ( 1-JAN-1983):
 @           NEITHER OLDTRAN,OLDTRANR NOR NEWTRAN SPECIFIED                  
 @           BLOCK CENTRE TRANSMISSIBILITIES TO BE CALCULATED                
 @           USING  OLDTRAN                                                  

 @--COMMENT  AT TIME        0.0   DAYS    ( 1-JAN-1983):
 @           NO NON-NEIGHBOUR CONNECTIONS FOUND                              

 @--MESSAGE  AT TIME        0.0   DAYS    ( 1-JAN-1983):
 @           NUMBER OF ACTIVE CELLS IS 2500                                  

 @--MESSAGE  AT TIME        0.0   DAYS    ( 1-JAN-1983):
 @           THE MEMORY REQUIRED TO PROCESS THE SOLUTION SECTION IS          
 @                 4371 KBYTES                                               

 @--MESSAGE  AT TIME        0.0   DAYS    ( 1-JAN-1983):
 @              58689 CHARACTER VARIABLES USED                               
    42 READING INCLUDE black_oil_pvt.inc                                 
    43 READING ECHO    
    44 READING DENSITY 

 @--WARNING  AT TIME        0.0   DAYS    ( 1-JAN-1983):
 @           SURFACE OIL DENSITY (    63.02000) IS GREATER THAN              
 @           SURFACE WATER DENSITY (    45.00000) IN DENSITY TABLE   1       
    45 READING PVTW    
    46 READING PVDG    
    47 READING PVTO    
    48 READING ECHO    
    49 READING ROCK    
               END OF INCLUDE FILE 
    50 READING INCLUDE black_oil_scal.inc                                
    51 READING ECHO    
    52 READING ECHO    
    53 READING STONE2  
    54 READING SGOF    
    55 READING SWOF    
               END OF INCLUDE FILE 
    56 READING REGIONS 

 @--WARNING  AT TIME        0.0   DAYS    ( 1-JAN-1983):
 @           OIL SATURATION LESS THAN 0 OR GREATER THAN 1                    
 @           IN SWOF OF SGOF TABLE NUMBER   1                                
 @           THEY RANGE FROM  -0.2000 TO   1.0000                            

 @--WARNING  AT TIME        0.0   DAYS    ( 1-JAN-1983):
 @           INCONSISTENT END POINTS IN SATURATION TABLE   1                 
 @           THE MAXIMUM GAS SATURATION (1.0000)                             
 @           PLUS THE CONNATE WATER SATURATION (0.2000)                      
 @           MUST NOT EXCEED 1.0                                             

 @--WARNING  AT TIME        0.0   DAYS    ( 1-JAN-1983):
 @           DISPERSION HAS BEEN TURNED ON IN THE RUNSPEC                    
 @           SECTION BUT THERE ARE NO TRDIS KEYWORDS IN THE                  
 @           PROPS SECTION.                                                  

 @--WARNING  AT TIME        0.0   DAYS    ( 1-JAN-1983):
 @           DISPERSION HAS BEEN TURNED ON IN THE RUNSPEC                    
 @           SECTION BUT THERE IS NO DISPERSE KEYWORD IN THE                 
 @           PROPS SECTION.                                                  
    57 READING INCLUDE black_oil_reg.inc                                 
               END OF INCLUDE FILE 
    58 READING SOLUTION
    59 READING INCLUDE black_oil_init.inc                                
    60 READING ECHO    
    61 READING RS      
    62 READING PRESSURE
    63 READING SGAS    
    64 READING SWAT    
               END OF INCLUDE FILE 
    65 READING SUMMARY 
    66 READING INCLUDE black_oil_sum.inc                                 
    67 READING WBHP    
    68 READING WGPR    
    69 READING WOPR    
    70 READING WWPR    
               END OF INCLUDE FILE 
    71 READING SCHEDULE
    72 READING INCLUDE black_oil_sch.inc                                 
    73 READING ECHO    
    74 READING WELSPECS
    75 READING WELSPECS
    76 READING WELSPECS
    77 READING COMPDAT 
    78 READING COMPDAT 
    79 READING COMPDAT 
    80 READING WCONINJ 

 @--WARNING  AT TIME        0.0   DAYS    ( 1-JAN-1983):
 @           THE PREFERRED PHASE FOR WELL INJ      IS RE-SET                 
 @           TO GAS   FLOW, TO MATCH THE INJECTED PHASE.                     
    81 READING WCONINJ 

 @--WARNING  AT TIME        0.0   DAYS    ( 1-JAN-1983):
 @           THE PREFERRED PHASE FOR WELL INJ1     IS RE-SET                 
 @           TO GAS   FLOW, TO MATCH THE INJECTED PHASE.                     
    82 READING WCONPROD
    83 READING RPTRST  
    84 READING TSTEP   

 @--MESSAGE  AT TIME        0.0   DAYS    ( 1-JAN-1983):
 @           DRSDT KEYWORD HAS NOT BEEN ENTERED, SO THE                      
 @           MAXIMUM GAS RE-SOLUTION RATE IS DEFAULTED TO INFINITY.          
1                             **********************************************************************   1
  SIMULATE AT     0.00   DAYS *Title                                                                   * ECLIPSE  VERSION 2011.1     
  REPORT   0     1 JAN 1983   *  RUN                                                                   * RUN AT 18:30 ON 24 OCT 2016 
                              **************************************************************************

 STEP    1 TIME=    1.00  DAYS (  +1.0  DAYS INIT  3 ITS) (2-JAN-1983)           
  PAV=  4399.1  PSIA   WCT=0.294 GOR=     1.71 MSCF/STB WGR=   0.2441 STB/MSCF   

 STEP    2 TIME=    2.26  DAYS (  +1.3  DAYS TRNC  2 ITS) (3-JAN-1983)           
  PAV=  4398.1  PSIA   WCT=0.290 GOR=     1.70 MSCF/STB WGR=   0.2396 STB/MSCF   

 STEP    3 TIME=    3.75  DAYS (  +1.5  DAYS TRNC  2 ITS) (4-JAN-1983)           
  PAV=  4397.0  PSIA   WCT=0.288 GOR=     1.70 MSCF/STB WGR=   0.2381 STB/MSCF   

 STEP    4 TIME=    8.21  DAYS (  +4.5  DAYS MAXF  2 ITS) (9-JAN-1983)           
  PAV=  4394.1  PSIA   WCT=0.287 GOR=     1.70 MSCF/STB WGR=   0.2376 STB/MSCF   

 STEP    5 TIME=   19.25  DAYS ( +11.0  DAYS TRNC  3 ITS) (20-JAN-1983)          
  PAV=  4387.5  PSIA   WCT=0.286 GOR=     1.69 MSCF/STB WGR=   0.2367 STB/MSCF   

 STEP    6 TIME=   46.43  DAYS ( +27.2  DAYS TRNC  2 ITS) (16-FEB-1983)          
  PAV=  4372.3  PSIA   WCT=0.285 GOR=     1.69 MSCF/STB WGR=   0.2353 STB/MSCF   

 STEP    7 TIME=   90.00  DAYS ( +43.6  DAYS REPT  2 ITS) (1-APR-1983)           
  PAV=  4349.2  PSIA   WCT=0.284 GOR=     1.69 MSCF/STB WGR=   0.2343 STB/MSCF   

 @--MESSAGE  AT TIME       90.0   DAYS    ( 1-APR-1983):
 @           GRAPHICS ONLY RESTART FILE WRITTEN   REPORT     1               
1                             **********************************************************************   2
  SIMULATE AT    90.00   DAYS *Title                                                                   * ECLIPSE  VERSION 2011.1     
  REPORT   1     1 APR 1983   *  RUN                                                                   * RUN AT 18:30 ON 24 OCT 2016 
                              **************************************************************************

 STEP    8 TIME=  180.00  DAYS ( +90.0  DAYS REPT  2 ITS) (30-JUN-1983)          
  PAV=  4303.7  PSIA   WCT=0.284 GOR=     1.69 MSCF/STB WGR=   0.2344 STB/MSCF   

 @--MESSAGE  AT TIME      180.0   DAYS    (30-JUN-1983):
 @           GRAPHICS ONLY RESTART FILE WRITTEN   REPORT     2               
1                             **********************************************************************   3
  SIMULATE AT   180.00   DAYS *Title                                                                   * ECLIPSE  VERSION 2011.1     
  REPORT   2    30 JUN 1983   *  RUN                                                                   * RUN AT 18:30 ON 24 OCT 2016 
                              **************************************************************************

 STEP    9 TIME=  270.00  DAYS ( +90.0  DAYS REPT  2 ITS) (28-SEP-1983)          
  PAV=  4259.5  PSIA   WCT=0.286 GOR=     1.69 MSCF/STB WGR=   0.2361 STB/MSCF   

 @--MESSAGE  AT TIME      270.0   DAYS    (28-SEP-1983):
 @           GRAPHICS ONLY RESTART FILE WRITTEN   REPORT     3               
1                             **********************************************************************   4
  SIMULATE AT   270.00   DAYS *Title                                                                   * ECLIPSE  VERSION 2011.1     
  REPORT   3    28 SEP 1983   *  RUN                                                                   * RUN AT 18:30 ON 24 OCT 2016 
                              **************************************************************************

 STEP   10 TIME=  360.00  DAYS ( +90.0  DAYS REPT  2 ITS) (27-DEC-1983)          
  PAV=  4216.3  PSIA   WCT=0.289 GOR=     1.70 MSCF/STB WGR=   0.2392 STB/MSCF   

 @--MESSAGE  AT TIME      360.0   DAYS    (27-DEC-1983):
 @           GRAPHICS ONLY RESTART FILE WRITTEN   REPORT     4               
1                             **********************************************************************   5
  SIMULATE AT   360.00   DAYS *Title                                                                   * ECLIPSE  VERSION 2011.1     
  REPORT   4    27 DEC 1983   *  RUN                                                                   * RUN AT 18:30 ON 24 OCT 2016 
                              **************************************************************************

 STEP   11 TIME=  450.00  DAYS ( +90.0  DAYS REPT  2 ITS) (26-MAR-1984)          
  PAV=  4174.0  PSIA   WCT=0.294 GOR=     1.71 MSCF/STB WGR=   0.2434 STB/MSCF   

 @--MESSAGE  AT TIME      450.0   DAYS    (26-MAR-1984):
 @           GRAPHICS ONLY RESTART FILE WRITTEN   REPORT     5               
1                             **********************************************************************   6
  SIMULATE AT   450.00   DAYS *Title                                                                   * ECLIPSE  VERSION 2011.1     
  REPORT   5    26 MAR 1984   *  RUN                                                                   * RUN AT 18:30 ON 24 OCT 2016 
                              **************************************************************************

 STEP   12 TIME=  540.00  DAYS ( +90.0  DAYS REPT  2 ITS) (24-JUN-1984)          
  PAV=  4132.5  PSIA   WCT=0.300 GOR=     1.73 MSCF/STB WGR=   0.2482 STB/MSCF   

 @--MESSAGE  AT TIME      540.0   DAYS    (24-JUN-1984):
 @           GRAPHICS ONLY RESTART FILE WRITTEN   REPORT     6               
1                             **********************************************************************   7
  SIMULATE AT   540.00   DAYS *Title                                                                   * ECLIPSE  VERSION 2011.1     
  REPORT   6    24 JUN 1984   *  RUN                                                                   * RUN AT 18:30 ON 24 OCT 2016 
                              **************************************************************************

 STEP   13 TIME=  630.00  DAYS ( +90.0  DAYS REPT  2 ITS) (22-SEP-1984)          
  PAV=  4091.9  PSIA   WCT=0.306 GOR=     1.74 MSCF/STB WGR=   0.2536 STB/MSCF   

 @--MESSAGE  AT TIME      630.0   DAYS    (22-SEP-1984):
 @           GRAPHICS ONLY RESTART FILE WRITTEN   REPORT     7               
1                             **********************************************************************   8
  SIMULATE AT   630.00   DAYS *Title                                                                   * ECLIPSE  VERSION 2011.1     
  REPORT   7    22 SEP 1984   *  RUN                                                                   * RUN AT 18:30 ON 24 OCT 2016 
                              **************************************************************************

 STEP   14 TIME=  720.00  DAYS ( +90.0  DAYS REPT  2 ITS) (21-DEC-1984)          
  PAV=  4052.0  PSIA   WCT=0.313 GOR=     1.76 MSCF/STB WGR=   0.2593 STB/MSCF   

 @--MESSAGE  AT TIME      720.0   DAYS    (21-DEC-1984):
 @           GRAPHICS ONLY RESTART FILE WRITTEN   REPORT     8               
1                             **********************************************************************   9
  SIMULATE AT   720.00   DAYS *Title                                                                   * ECLIPSE  VERSION 2011.1     
  REPORT   8    21 DEC 1984   *  RUN                                                                   * RUN AT 18:30 ON 24 OCT 2016 
                              **************************************************************************

 STEP   15 TIME=  810.00  DAYS ( +90.0  DAYS REPT  2 ITS) (21-MAR-1985)          
  PAV=  4012.7  PSIA   WCT=0.320 GOR=     1.77 MSCF/STB WGR=   0.2652 STB/MSCF   

 @--MESSAGE  AT TIME      810.0   DAYS    (21-MAR-1985):
 @           GRAPHICS ONLY RESTART FILE WRITTEN   REPORT     9               
1                             **********************************************************************  10
  SIMULATE AT   810.00   DAYS *Title                                                                   * ECLIPSE  VERSION 2011.1     
  REPORT   9    21 MAR 1985   *  RUN                                                                   * RUN AT 18:30 ON 24 OCT 2016 
                              **************************************************************************

 STEP   16 TIME=  900.00  DAYS ( +90.0  DAYS REPT  2 ITS) (19-JUN-1985)          
  PAV=  3974.2  PSIA   WCT=0.327 GOR=     1.79 MSCF/STB WGR=   0.2713 STB/MSCF   

 @--MESSAGE  AT TIME      900.0   DAYS    (19-JUN-1985):
 @           GRAPHICS ONLY RESTART FILE WRITTEN   REPORT    10               
1                             **********************************************************************  11
  SIMULATE AT   900.00   DAYS *Title                                                                   * ECLIPSE  VERSION 2011.1     
  REPORT  10    19 JUN 1985   *  RUN                                                                   * RUN AT 18:30 ON 24 OCT 2016 
                              **************************************************************************

 STEP   17 TIME=  990.00  DAYS ( +90.0  DAYS REPT  2 ITS) (17-SEP-1985)          
  PAV=  3936.4  PSIA   WCT=0.334 GOR=     1.81 MSCF/STB WGR=   0.2773 STB/MSCF   

 @--MESSAGE  AT TIME      990.0   DAYS    (17-SEP-1985):
 @           GRAPHICS ONLY RESTART FILE WRITTEN   REPORT    11               
1                             **********************************************************************  12
  SIMULATE AT   990.00   DAYS *Title                                                                   * ECLIPSE  VERSION 2011.1     
  REPORT  11    17 SEP 1985   *  RUN                                                                   * RUN AT 18:30 ON 24 OCT 2016 
                              **************************************************************************

 STEP   18 TIME= 1080.00  DAYS ( +90.0  DAYS REPT  2 ITS) (16-DEC-1985)          
  PAV=  3899.4  PSIA   WCT=0.341 GOR=     1.83 MSCF/STB WGR=   0.2832 STB/MSCF   

 @--MESSAGE  AT TIME     1080.0   DAYS    (16-DEC-1985):
 @           GRAPHICS ONLY RESTART FILE WRITTEN   REPORT    12               
1                             **********************************************************************  13
  SIMULATE AT  1080.00   DAYS *Title                                                                   * ECLIPSE  VERSION 2011.1     
  REPORT  12    16 DEC 1985   *  RUN                                                                   * RUN AT 18:30 ON 24 OCT 2016 
                              **************************************************************************

 STEP   19 TIME= 1170.00  DAYS ( +90.0  DAYS REPT  2 ITS) (16-MAR-1986)          
  PAV=  3862.8  PSIA   WCT=0.348 GOR=     1.85 MSCF/STB WGR=   0.2890 STB/MSCF   

 @--MESSAGE  AT TIME     1170.0   DAYS    (16-MAR-1986):
 @           GRAPHICS ONLY RESTART FILE WRITTEN   REPORT    13               
1                             **********************************************************************  14
  SIMULATE AT  1170.00   DAYS *Title                                                                   * ECLIPSE  VERSION 2011.1     
  REPORT  13    16 MAR 1986   *  RUN                                                                   * RUN AT 18:30 ON 24 OCT 2016 
                              **************************************************************************

 STEP   20 TIME= 1260.00  DAYS ( +90.0  DAYS REPT  2 ITS) (14-JUN-1986)          
  PAV=  3826.6  PSIA   WCT=0.355 GOR=     1.87 MSCF/STB WGR=   0.2945 STB/MSCF   

 @--MESSAGE  AT TIME     1260.0   DAYS    (14-JUN-1986):
 @           GRAPHICS ONLY RESTART FILE WRITTEN   REPORT    14               
1                             **********************************************************************  15
  SIMULATE AT  1260.00   DAYS *Title                                                                   * ECLIPSE  VERSION 2011.1     
  REPORT  14    14 JUN 1986   *  RUN                                                                   * RUN AT 18:30 ON 24 OCT 2016 
                              **************************************************************************

 STEP   21 TIME= 1350.00  DAYS ( +90.0  DAYS REPT  2 ITS) (12-SEP-1986)          
  PAV=  3790.9  PSIA   WCT=0.362 GOR=     1.89 MSCF/STB WGR=   0.2995 STB/MSCF   

 @--MESSAGE  AT TIME     1350.0   DAYS    (12-SEP-1986):
 @           GRAPHICS ONLY RESTART FILE WRITTEN   REPORT    15               
    85 READING WCONINJ 

 @--WARNING  AT TIME     1350.0   DAYS    (12-SEP-1986):
 @           THE PREFERRED PHASE FOR WELL INJ      IS RE-SET                 
 @           TO WATER FLOW, TO MATCH THE INJECTED PHASE.                     
    86 READING WCONINJ 

 @--WARNING  AT TIME     1350.0   DAYS    (12-SEP-1986):
 @           THE PREFERRED PHASE FOR WELL INJ1     IS RE-SET                 
 @           TO WATER FLOW, TO MATCH THE INJECTED PHASE.                     
    87 READING WCONPROD
    88 READING TSTEP   
1                             **********************************************************************  16
  SIMULATE AT  1350.00   DAYS *Title                                                                   * ECLIPSE  VERSION 2011.1     
  REPORT  15    12 SEP 1986   *  RUN                                                                   * RUN AT 18:30 ON 24 OCT 2016 
                              **************************************************************************

 STEP   22 TIME= 1440.00  DAYS ( +90.0  DAYS REPT  5 ITS) (11-DEC-1986)          
  PAV=  3783.0  PSIA   WCT=0.372 GOR=     1.89 MSCF/STB WGR=   0.3136 STB/MSCF   

 @--MESSAGE  AT TIME     1440.0   DAYS    (11-DEC-1986):
 @           GRAPHICS ONLY RESTART FILE WRITTEN   REPORT    16               
1                             **********************************************************************  17
  SIMULATE AT  1440.00   DAYS *Title                                                                   * ECLIPSE  VERSION 2011.1     
  REPORT  16    11 DEC 1986   *  RUN                                                                   * RUN AT 18:30 ON 24 OCT 2016 
                              **************************************************************************

 STEP   23 TIME= 1482.86  DAYS ( +42.9  DAYS TRNC  3 ITS) (22-JAN-1987)          
  PAV=  3779.4  PSIA   WCT=0.381 GOR=     1.89 MSCF/STB WGR=   0.3253 STB/MSCF   

 STEP   24 TIME= 1506.43  DAYS ( +23.6  DAYS HALF  2 ITS) (15-FEB-1987)          
  PAV=  3777.6  PSIA   WCT=0.387 GOR=     1.89 MSCF/STB WGR=   0.3342 STB/MSCF   

 STEP   25 TIME= 1530.00  DAYS ( +23.6  DAYS REPT  3 ITS) (11-MAR-1987)          
  PAV=  3775.9  PSIA   WCT=0.396 GOR=     1.89 MSCF/STB WGR=   0.3468 STB/MSCF   

 @--MESSAGE  AT TIME     1530.0   DAYS    (11-MAR-1987):
 @           GRAPHICS ONLY RESTART FILE WRITTEN   REPORT    17               
1                             **********************************************************************  18
  SIMULATE AT  1530.00   DAYS *Title                                                                   * ECLIPSE  VERSION 2011.1     
  REPORT  17    11 MAR 1987   *  RUN                                                                   * RUN AT 18:30 ON 24 OCT 2016 
                              **************************************************************************

 STEP   26 TIME= 1575.00  DAYS ( +45.0  DAYS HALF  3 ITS) (25-APR-1987)          
  PAV=  3773.5  PSIA   WCT=0.424 GOR=     1.89 MSCF/STB WGR=   0.3895 STB/MSCF   

 STEP   27 TIME= 1620.00  DAYS ( +45.0  DAYS REPT  3 ITS) (9-JUN-1987)           
  PAV=  3771.8  PSIA   WCT=0.460 GOR=     1.88 MSCF/STB WGR=   0.4520 STB/MSCF   

 @--MESSAGE  AT TIME     1620.0   DAYS    ( 9-JUN-1987):
 @           GRAPHICS ONLY RESTART FILE WRITTEN   REPORT    18               
1                             **********************************************************************  19
  SIMULATE AT  1620.00   DAYS *Title                                                                   * ECLIPSE  VERSION 2011.1     
  REPORT  18     9 JUN 1987   *  RUN                                                                   * RUN AT 18:30 ON 24 OCT 2016 
                              **************************************************************************

 STEP   28 TIME= 1710.00  DAYS ( +90.0  DAYS REPT  3 ITS) (7-SEP-1987)           
  PAV=  3770.5  PSIA   WCT=0.525 GOR=     1.84 MSCF/STB WGR=   0.5990 STB/MSCF   

 @--MESSAGE  AT TIME     1710.0   DAYS    ( 7-SEP-1987):
 @           GRAPHICS ONLY RESTART FILE WRITTEN   REPORT    19               
1                             **********************************************************************  20
  SIMULATE AT  1710.00   DAYS *Title                                                                   * ECLIPSE  VERSION 2011.1     
  REPORT  19     7 SEP 1987   *  RUN                                                                   * RUN AT 18:30 ON 24 OCT 2016 
                              **************************************************************************

 STEP   29 TIME= 1800.00  DAYS ( +90.0  DAYS REPT  3 ITS) (6-DEC-1987)           
  PAV=  3770.4  PSIA   WCT=0.572 GOR=     1.79 MSCF/STB WGR=   0.7467 STB/MSCF   

 @--MESSAGE  AT TIME     1800.0   DAYS    ( 6-DEC-1987):
 @           GRAPHICS ONLY RESTART FILE WRITTEN   REPORT    20               
1                             **********************************************************************  21
  SIMULATE AT  1800.00   DAYS *Title                                                                   * ECLIPSE  VERSION 2011.1     
  REPORT  20     6 DEC 1987   *  RUN                                                                   * RUN AT 18:30 ON 24 OCT 2016 
                              **************************************************************************

 STEP   30 TIME= 1890.00  DAYS ( +90.0  DAYS REPT  3 ITS) (5-MAR-1988)           
  PAV=  3771.1  PSIA   WCT=0.608 GOR=     1.74 MSCF/STB WGR=   0.8895 STB/MSCF   

 @--MESSAGE  AT TIME     1890.0   DAYS    ( 5-MAR-1988):
 @           GRAPHICS ONLY RESTART FILE WRITTEN   REPORT    21               
1                             **********************************************************************  22
  SIMULATE AT  1890.00   DAYS *Title                                                                   * ECLIPSE  VERSION 2011.1     
  REPORT  21     5 MAR 1988   *  RUN                                                                   * RUN AT 18:30 ON 24 OCT 2016 
                              **************************************************************************

 STEP   31 TIME= 1980.00  DAYS ( +90.0  DAYS REPT  3 ITS) (3-JUN-1988)           
  PAV=  3772.4  PSIA   WCT=0.640 GOR=     1.72 MSCF/STB WGR=   1.0369 STB/MSCF   

 @--MESSAGE  AT TIME     1980.0   DAYS    ( 3-JUN-1988):
 @           GRAPHICS ONLY RESTART FILE WRITTEN   REPORT    22               
1                             **********************************************************************  23
  SIMULATE AT  1980.00   DAYS *Title                                                                   * ECLIPSE  VERSION 2011.1     
  REPORT  22     3 JUN 1988   *  RUN                                                                   * RUN AT 18:30 ON 24 OCT 2016 
                              **************************************************************************

 STEP   32 TIME= 2070.00  DAYS ( +90.0  DAYS REPT  3 ITS) (1-SEP-1988)           
  PAV=  3774.1  PSIA   WCT=0.667 GOR=     1.69 MSCF/STB WGR=   1.1831 STB/MSCF   

 @--MESSAGE  AT TIME     2070.0   DAYS    ( 1-SEP-1988):
 @           GRAPHICS ONLY RESTART FILE WRITTEN   REPORT    23               
1                             **********************************************************************  24
  SIMULATE AT  2070.00   DAYS *Title                                                                   * ECLIPSE  VERSION 2011.1     
  REPORT  23     1 SEP 1988   *  RUN                                                                   * RUN AT 18:30 ON 24 OCT 2016 
                              **************************************************************************

 STEP   33 TIME= 2160.00  DAYS ( +90.0  DAYS REPT  2 ITS) (30-NOV-1988)          
  PAV=  3776.1  PSIA   WCT=0.691 GOR=     1.68 MSCF/STB WGR=   1.3356 STB/MSCF   

 @--MESSAGE  AT TIME     2160.0   DAYS    (30-NOV-1988):
 @           GRAPHICS ONLY RESTART FILE WRITTEN   REPORT    24               
1                             **********************************************************************  25
  SIMULATE AT  2160.00   DAYS *Title                                                                   * ECLIPSE  VERSION 2011.1     
  REPORT  24    30 NOV 1988   *  RUN                                                                   * RUN AT 18:30 ON 24 OCT 2016 
                              **************************************************************************

 STEP   34 TIME= 2250.00  DAYS ( +90.0  DAYS REPT  3 ITS) (28-FEB-1989)          
  PAV=  3777.8  PSIA   WCT=0.712 GOR=     1.67 MSCF/STB WGR=   1.4865 STB/MSCF   

 @--MESSAGE  AT TIME     2250.0   DAYS    (28-FEB-1989):
 @           GRAPHICS ONLY RESTART FILE WRITTEN   REPORT    25               
1                             **********************************************************************  26
  SIMULATE AT  2250.00   DAYS *Title                                                                   * ECLIPSE  VERSION 2011.1     
  REPORT  25    28 FEB 1989   *  RUN                                                                   * RUN AT 18:30 ON 24 OCT 2016 
                              **************************************************************************

 STEP   35 TIME= 2340.00  DAYS ( +90.0  DAYS REPT  3 ITS) (29-MAY-1989)          
  PAV=  3778.9  PSIA   WCT=0.731 GOR=     1.66 MSCF/STB WGR=   1.6340 STB/MSCF   

 @--MESSAGE  AT TIME     2340.0   DAYS    (29-MAY-1989):
 @           GRAPHICS ONLY RESTART FILE WRITTEN   REPORT    26               
1                             **********************************************************************  27
  SIMULATE AT  2340.00   DAYS *Title                                                                   * ECLIPSE  VERSION 2011.1     
  REPORT  26    29 MAY 1989   *  RUN                                                                   * RUN AT 18:30 ON 24 OCT 2016 
                              **************************************************************************

 STEP   36 TIME= 2430.00  DAYS ( +90.0  DAYS REPT  2 ITS) (27-AUG-1989)          
  PAV=  3779.3  PSIA   WCT=0.747 GOR=     1.66 MSCF/STB WGR=   1.7842 STB/MSCF   

 @--MESSAGE  AT TIME     2430.0   DAYS    (27-AUG-1989):
 @           GRAPHICS ONLY RESTART FILE WRITTEN   REPORT    27               
1                             **********************************************************************  28
  SIMULATE AT  2430.00   DAYS *Title                                                                   * ECLIPSE  VERSION 2011.1     
  REPORT  27    27 AUG 1989   *  RUN                                                                   * RUN AT 18:30 ON 24 OCT 2016 
                              **************************************************************************

 STEP   37 TIME= 2520.00  DAYS ( +90.0  DAYS REPT  2 ITS) (25-NOV-1989)          
  PAV=  3779.1  PSIA   WCT=0.763 GOR=     1.66 MSCF/STB WGR=   1.9375 STB/MSCF   

 @--MESSAGE  AT TIME     2520.0   DAYS    (25-NOV-1989):
 @           GRAPHICS ONLY RESTART FILE WRITTEN   REPORT    28               
1                             **********************************************************************  29
  SIMULATE AT  2520.00   DAYS *Title                                                                   * ECLIPSE  VERSION 2011.1     
  REPORT  28    25 NOV 1989   *  RUN                                                                   * RUN AT 18:30 ON 24 OCT 2016 
                              **************************************************************************

 STEP   38 TIME= 2610.00  DAYS ( +90.0  DAYS REPT  2 ITS) (23-FEB-1990)          
  PAV=  3778.2  PSIA   WCT=0.776 GOR=     1.66 MSCF/STB WGR=   2.0932 STB/MSCF   

 @--MESSAGE  AT TIME     2610.0   DAYS    (23-FEB-1990):
 @           GRAPHICS ONLY RESTART FILE WRITTEN   REPORT    29               
1                             **********************************************************************  30
  SIMULATE AT  2610.00   DAYS *Title                                                                   * ECLIPSE  VERSION 2011.1     
  REPORT  29    23 FEB 1990   *  RUN                                                                   * RUN AT 18:30 ON 24 OCT 2016 
                              **************************************************************************

 STEP   39 TIME= 2700.00  DAYS ( +90.0  DAYS REPT  2 ITS) (24-MAY-1990)          
  PAV=  3776.6  PSIA   WCT=0.789 GOR=     1.66 MSCF/STB WGR=   2.2498 STB/MSCF   

 @--MESSAGE  AT TIME     2700.0   DAYS    (24-MAY-1990):
 @           GRAPHICS ONLY RESTART FILE WRITTEN   REPORT    30               
               END OF INCLUDE FILE 
    89 READING END     
            5 Mbytes of storage required                         
   1.9965     KB/active cell                                     
           20 Mbytes (image size)                                

 Error summary 
 Comments               1
 Warnings               9
 Problems               0
 Errors                 0
 Bugs                   0
 Final cpu       0.49 elapsed       0.49
